This file contains any messages produced by compilers while
running configure, to aid debugging if configure makes a mistake.

It was created by Google C++ Mocking Framework configure 1.8.0, which was
generated by GNU Autoconf 2.69.  Invocation command line was

  $ ./configure --disable-option-checking --prefix=/protobuf-3.6.1 CC=/usr/bin/aarch64-linux-gnu-gcc CXX=/usr/bin/aarch64-linux-gnu-g++ --host=aarch64-linux-gnu host_alias=aarch64-linux-gnu --cache-file=/dev/null --srcdir=.

## --------- ##
## Platform. ##
## --------- ##

hostname = allen-18
uname -m = x86_64
uname -r = 4.15.0-91-generic
uname -s = Linux
uname -v = #92~16.04.1-Ubuntu SMP Fri Feb 28 14:57:22 UTC 2020

/usr/bin/uname -p = unknown
/bin/uname -X     = unknown

/bin/arch              = unknown
/usr/bin/arch -k       = unknown
/usr/convex/getsysinfo = unknown
/usr/bin/hostinfo      = unknown
/bin/machine           = unknown
/usr/bin/oslevel       = unknown
/bin/universe          = unknown

PATH: /home/allen/bin
PATH: /home/allen/.local/bin
PATH: /usr/local/sbin
PATH: /usr/local/bin
PATH: /usr/sbin
PATH: /usr/bin
PATH: /sbin
PATH: /bin
PATH: /usr/games
PATH: /usr/local/games
PATH: /snap/bin


## ----------- ##
## Core tests. ##
## ----------- ##

configure:2375: checking for a BSD-compatible install
configure:2443: result: /usr/bin/install -c
configure:2454: checking whether build environment is sane
configure:2509: result: yes
configure:2568: checking for aarch64-linux-gnu-strip
configure:2584: found /usr/bin/aarch64-linux-gnu-strip
configure:2595: result: aarch64-linux-gnu-strip
configure:2660: checking for a thread-safe mkdir -p
configure:2699: result: /bin/mkdir -p
configure:2706: checking for gawk
configure:2736: result: no
configure:2706: checking for mawk
configure:2722: found /usr/bin/mawk
configure:2733: result: mawk
configure:2744: checking whether make sets $(MAKE)
configure:2766: result: yes
configure:2795: checking whether make supports nested variables
configure:2812: result: yes
configure:2948: checking for aarch64-linux-gnu-gcc
configure:2975: result: /usr/bin/aarch64-linux-gnu-gcc
configure:3244: checking for C compiler version
configure:3253: /usr/bin/aarch64-linux-gnu-gcc --version >&5
aarch64-linux-gnu-gcc (Ubuntu/Linaro 5.4.0-6ubuntu1~16.04.9) 5.4.0 20160609
Copyright (C) 2015 Free Software Foundation, Inc.
This is free software; see the source for copying conditions.  There is NO
warranty; not even for MERCHANTABILITY or FITNESS FOR A PARTICULAR PURPOSE.

configure:3264: $? = 0
configure:3253: /usr/bin/aarch64-linux-gnu-gcc -v >&5
Using built-in specs.
COLLECT_GCC=/usr/bin/aarch64-linux-gnu-gcc
COLLECT_LTO_WRAPPER=/usr/lib/gcc-cross/aarch64-linux-gnu/5/lto-wrapper
Target: aarch64-linux-gnu
Configured with: ../src/configure -v --with-pkgversion='Ubuntu/Linaro 5.4.0-6ubuntu1~16.04.9' --with-bugurl=file:///usr/share/doc/gcc-5/README.Bugs --enable-languages=c,ada,c++,java,go,d,fortran,objc,obj-c++ --prefix=/usr --program-suffix=-5 --enable-shared --enable-linker-build-id --libexecdir=/usr/lib --without-included-gettext --enable-threads=posix --libdir=/usr/lib --enable-nls --with-sysroot=/ --enable-clocale=gnu --enable-libstdcxx-debug --enable-libstdcxx-time=yes --with-default-libstdcxx-abi=new --enable-gnu-unique-object --disable-libquadmath --enable-plugin --with-system-zlib --disable-browser-plugin --enable-java-awt=gtk --enable-gtk-cairo --with-java-home=/usr/lib/jvm/java-1.5.0-gcj-5-arm64-cross/jre --enable-java-home --with-jvm-root-dir=/usr/lib/jvm/java-1.5.0-gcj-5-arm64-cross --with-jvm-jar-dir=/usr/lib/jvm-exports/java-1.5.0-gcj-5-arm64-cross --with-arch-directory=aarch64 --with-ecj-jar=/usr/share/java/eclipse-ecj.jar --disable-libgcj --enable-multiarch --enable-fix-cortex-a53-843419 --disable-werror --enable-checking=release --build=x86_64-linux-gnu --host=x86_64-linux-gnu --target=aarch64-linux-gnu --program-prefix=aarch64-linux-gnu- --includedir=/usr/aarch64-linux-gnu/include
Thread model: posix
gcc version 5.4.0 20160609 (Ubuntu/Linaro 5.4.0-6ubuntu1~16.04.9) 
configure:3264: $? = 0
configure:3253: /usr/bin/aarch64-linux-gnu-gcc -V >&5
aarch64-linux-gnu-gcc: error: unrecognized command line option '-V'
aarch64-linux-gnu-gcc: fatal error: no input files
compilation terminated.
configure:3264: $? = 1
configure:3253: /usr/bin/aarch64-linux-gnu-gcc -qversion >&5
aarch64-linux-gnu-gcc: error: unrecognized command line option '-qversion'
aarch64-linux-gnu-gcc: fatal error: no input files
compilation terminated.
configure:3264: $? = 1
configure:3284: checking whether the C compiler works
configure:3306: /usr/bin/aarch64-linux-gnu-gcc    conftest.c  >&5
configure:3310: $? = 0
configure:3358: result: yes
configure:3361: checking for C compiler default output file name
configure:3363: result: a.out
configure:3369: checking for suffix of executables
configure:3376: /usr/bin/aarch64-linux-gnu-gcc -o conftest    conftest.c  >&5
configure:3380: $? = 0
configure:3402: result: 
configure:3424: checking whether we are cross compiling
configure:3432: /usr/bin/aarch64-linux-gnu-gcc -o conftest    conftest.c  >&5
configure:3436: $? = 0
configure:3443: ./conftest
./configure: line 3445: ./conftest: cannot execute binary file: Exec format error
configure:3447: $? = 126
configure:3462: result: yes
configure:3467: checking for suffix of object files
configure:3489: /usr/bin/aarch64-linux-gnu-gcc -c   conftest.c >&5
configure:3493: $? = 0
configure:3514: result: o
configure:3518: checking whether we are using the GNU C compiler
configure:3537: /usr/bin/aarch64-linux-gnu-gcc -c   conftest.c >&5
configure:3537: $? = 0
configure:3546: result: yes
configure:3555: checking whether /usr/bin/aarch64-linux-gnu-gcc accepts -g
configure:3575: /usr/bin/aarch64-linux-gnu-gcc -c -g  conftest.c >&5
configure:3575: $? = 0
configure:3616: result: yes
configure:3633: checking for /usr/bin/aarch64-linux-gnu-gcc option to accept ISO C89
configure:3696: /usr/bin/aarch64-linux-gnu-gcc  -c   conftest.c >&5
configure:3696: $? = 0
configure:3709: result: none needed
configure:3734: checking whether /usr/bin/aarch64-linux-gnu-gcc understands -c and -o together
configure:3756: /usr/bin/aarch64-linux-gnu-gcc -c conftest.c -o conftest2.o
configure:3759: $? = 0
configure:3756: /usr/bin/aarch64-linux-gnu-gcc -c conftest.c -o conftest2.o
configure:3759: $? = 0
configure:3771: result: yes
configure:3799: checking for style of include used by make
configure:3827: result: GNU
configure:3853: checking dependency style of /usr/bin/aarch64-linux-gnu-gcc
configure:3964: result: gcc3
configure:4091: checking for C++ compiler version
configure:4100: /usr/bin/aarch64-linux-gnu-g++ --version >&5
aarch64-linux-gnu-g++ (Ubuntu/Linaro 5.4.0-6ubuntu1~16.04.9) 5.4.0 20160609
Copyright (C) 2015 Free Software Foundation, Inc.
This is free software; see the source for copying conditions.  There is NO
warranty; not even for MERCHANTABILITY or FITNESS FOR A PARTICULAR PURPOSE.

configure:4111: $? = 0
configure:4100: /usr/bin/aarch64-linux-gnu-g++ -v >&5
Using built-in specs.
COLLECT_GCC=/usr/bin/aarch64-linux-gnu-g++
COLLECT_LTO_WRAPPER=/usr/lib/gcc-cross/aarch64-linux-gnu/5/lto-wrapper
Target: aarch64-linux-gnu
Configured with: ../src/configure -v --with-pkgversion='Ubuntu/Linaro 5.4.0-6ubuntu1~16.04.9' --with-bugurl=file:///usr/share/doc/gcc-5/README.Bugs --enable-languages=c,ada,c++,java,go,d,fortran,objc,obj-c++ --prefix=/usr --program-suffix=-5 --enable-shared --enable-linker-build-id --libexecdir=/usr/lib --without-included-gettext --enable-threads=posix --libdir=/usr/lib --enable-nls --with-sysroot=/ --enable-clocale=gnu --enable-libstdcxx-debug --enable-libstdcxx-time=yes --with-default-libstdcxx-abi=new --enable-gnu-unique-object --disable-libquadmath --enable-plugin --with-system-zlib --disable-browser-plugin --enable-java-awt=gtk --enable-gtk-cairo --with-java-home=/usr/lib/jvm/java-1.5.0-gcj-5-arm64-cross/jre --enable-java-home --with-jvm-root-dir=/usr/lib/jvm/java-1.5.0-gcj-5-arm64-cross --with-jvm-jar-dir=/usr/lib/jvm-exports/java-1.5.0-gcj-5-arm64-cross --with-arch-directory=aarch64 --with-ecj-jar=/usr/share/java/eclipse-ecj.jar --disable-libgcj --enable-multiarch --enable-fix-cortex-a53-843419 --disable-werror --enable-checking=release --build=x86_64-linux-gnu --host=x86_64-linux-gnu --target=aarch64-linux-gnu --program-prefix=aarch64-linux-gnu- --includedir=/usr/aarch64-linux-gnu/include
Thread model: posix
gcc version 5.4.0 20160609 (Ubuntu/Linaro 5.4.0-6ubuntu1~16.04.9) 
configure:4111: $? = 0
configure:4100: /usr/bin/aarch64-linux-gnu-g++ -V >&5
aarch64-linux-gnu-g++: error: unrecognized command line option '-V'
aarch64-linux-gnu-g++: fatal error: no input files
compilation terminated.
configure:4111: $? = 1
configure:4100: /usr/bin/aarch64-linux-gnu-g++ -qversion >&5
aarch64-linux-gnu-g++: error: unrecognized command line option '-qversion'
aarch64-linux-gnu-g++: fatal error: no input files
compilation terminated.
configure:4111: $? = 1
configure:4115: checking whether we are using the GNU C++ compiler
configure:4134: /usr/bin/aarch64-linux-gnu-g++ -c  -g -std=c++11 -DNDEBUG  conftest.cpp >&5
configure:4134: $? = 0
configure:4143: result: yes
configure:4152: checking whether /usr/bin/aarch64-linux-gnu-g++ accepts -g
configure:4172: /usr/bin/aarch64-linux-gnu-g++ -c -g  conftest.cpp >&5
configure:4172: $? = 0
configure:4213: result: yes
configure:4238: checking dependency style of /usr/bin/aarch64-linux-gnu-g++
configure:4349: result: gcc3
configure:4399: checking build system type
configure:4413: result: x86_64-pc-linux-gnu
configure:4433: checking host system type
configure:4446: result: aarch64-unknown-linux-gnu
configure:4487: checking how to print strings
configure:4514: result: printf
configure:4535: checking for a sed that does not truncate output
configure:4599: result: /bin/sed
configure:4617: checking for grep that handles long lines and -e
configure:4675: result: /bin/grep
configure:4680: checking for egrep
configure:4742: result: /bin/grep -E
configure:4747: checking for fgrep
configure:4809: result: /bin/grep -F
configure:4844: checking for ld used by /usr/bin/aarch64-linux-gnu-gcc
configure:4911: result: /usr/aarch64-linux-gnu/bin/ld
configure:4918: checking if the linker (/usr/aarch64-linux-gnu/bin/ld) is GNU ld
configure:4933: result: yes
configure:4945: checking for BSD- or MS-compatible name lister (nm)
configure:4999: result: /usr/bin/aarch64-linux-gnu-nm -B
configure:5129: checking the name lister (/usr/bin/aarch64-linux-gnu-nm -B) interface
configure:5136: /usr/bin/aarch64-linux-gnu-g++ -c  -g -std=c++11 -DNDEBUG  conftest.cpp >&5
configure:5139: /usr/bin/aarch64-linux-gnu-nm -B "conftest.o"
configure:5142: output
0000000000000000 B some_variable
configure:5149: result: BSD nm
configure:5152: checking whether ln -s works
configure:5156: result: yes
configure:5164: checking the maximum length of command line arguments
configure:5295: result: 1572864
configure:5343: checking how to convert x86_64-pc-linux-gnu file names to aarch64-unknown-linux-gnu format
configure:5383: result: func_convert_file_noop
configure:5390: checking how to convert x86_64-pc-linux-gnu file names to toolchain format
configure:5410: result: func_convert_file_noop
configure:5417: checking for /usr/aarch64-linux-gnu/bin/ld option to reload object files
configure:5424: result: -r
configure:5458: checking for aarch64-linux-gnu-objdump
configure:5474: found /usr/bin/aarch64-linux-gnu-objdump
configure:5485: result: aarch64-linux-gnu-objdump
configure:5557: checking how to recognize dependent libraries
configure:5757: result: pass_all
configure:5802: checking for aarch64-linux-gnu-dlltool
configure:5832: result: no
configure:5842: checking for dlltool
configure:5872: result: no
configure:5902: checking how to associate runtime and link libraries
configure:5929: result: printf %s\n
configure:5946: checking for aarch64-linux-gnu-ar
configure:5962: found /usr/bin/aarch64-linux-gnu-ar
configure:5973: result: aarch64-linux-gnu-ar
configure:6054: checking for archiver @FILE support
configure:6071: /usr/bin/aarch64-linux-gnu-g++ -c  -g -std=c++11 -DNDEBUG  conftest.cpp >&5
configure:6071: $? = 0
configure:6074: aarch64-linux-gnu-ar cru libconftest.a @conftest.lst >&5
aarch64-linux-gnu-ar: `u' modifier ignored since `D' is the default (see `U')
configure:6077: $? = 0
configure:6082: aarch64-linux-gnu-ar cru libconftest.a @conftest.lst >&5
aarch64-linux-gnu-ar: `u' modifier ignored since `D' is the default (see `U')
aarch64-linux-gnu-ar: conftest.o: No such file or directory
configure:6085: $? = 1
configure:6097: result: @
configure:6115: checking for aarch64-linux-gnu-strip
configure:6142: result: aarch64-linux-gnu-strip
configure:6214: checking for aarch64-linux-gnu-ranlib
configure:6230: found /usr/bin/aarch64-linux-gnu-ranlib
configure:6241: result: aarch64-linux-gnu-ranlib
configure:6383: checking command to parse /usr/bin/aarch64-linux-gnu-nm -B output from /usr/bin/aarch64-linux-gnu-gcc object
configure:6536: /usr/bin/aarch64-linux-gnu-g++ -c  -g -std=c++11 -DNDEBUG  conftest.cpp >&5
configure:6539: $? = 0
configure:6543: /usr/bin/aarch64-linux-gnu-nm -B conftest.o \| sed -n -e 's/^.*[ ]\([ABCDGIRSTW][ABCDGIRSTW]*\)[ ][ ]*\([_A-Za-z][_A-Za-z0-9]*\)$/\1 \2 \2/p' | sed '/ __gnu_lto/d' \> conftest.nm
configure:6546: $? = 0
configure:6612: /usr/bin/aarch64-linux-gnu-g++ -o conftest  -g -std=c++11 -DNDEBUG   conftest.cpp conftstm.o >&5
configure:6615: $? = 0
configure:6653: result: ok
configure:6700: checking for sysroot
configure:6730: result: no
configure:6737: checking for a working dd
configure:6775: result: /bin/dd
configure:6779: checking how to truncate binary pipes
configure:6794: result: /bin/dd bs=4096 count=1
configure:7084: checking for aarch64-linux-gnu-mt
configure:7114: result: no
configure:7124: checking for mt
configure:7140: found /bin/mt
configure:7151: result: mt
configure:7163: WARNING: using cross tools not prefixed with host triplet
configure:7174: checking if mt is a manifest tool
configure:7180: mt '-?'
configure:7188: result: no
configure:7865: checking how to run the C preprocessor
configure:7896: /usr/bin/aarch64-linux-gnu-gcc -E  conftest.c
configure:7896: $? = 0
configure:7910: /usr/bin/aarch64-linux-gnu-gcc -E  conftest.c
conftest.c:11:28: fatal error: ac_nonexistent.h: No such file or directory
compilation terminated.
configure:7910: $? = 1
configure: failed program was:
| /* confdefs.h */
| #define PACKAGE_NAME "Google C++ Mocking Framework"
| #define PACKAGE_TARNAME "gmock"
| #define PACKAGE_VERSION "1.8.0"
| #define PACKAGE_STRING "Google C++ Mocking Framework 1.8.0"
| #define PACKAGE_BUGREPORT "googlemock@googlegroups.com"
| #define PACKAGE_URL ""
| #define PACKAGE "gmock"
| #define VERSION "1.8.0"
| /* end confdefs.h.  */
| #include <ac_nonexistent.h>
configure:7935: result: /usr/bin/aarch64-linux-gnu-gcc -E
configure:7955: /usr/bin/aarch64-linux-gnu-gcc -E  conftest.c
configure:7955: $? = 0
configure:7969: /usr/bin/aarch64-linux-gnu-gcc -E  conftest.c
conftest.c:11:28: fatal error: ac_nonexistent.h: No such file or directory
compilation terminated.
configure:7969: $? = 1
configure: failed program was:
| /* confdefs.h */
| #define PACKAGE_NAME "Google C++ Mocking Framework"
| #define PACKAGE_TARNAME "gmock"
| #define PACKAGE_VERSION "1.8.0"
| #define PACKAGE_STRING "Google C++ Mocking Framework 1.8.0"
| #define PACKAGE_BUGREPORT "googlemock@googlegroups.com"
| #define PACKAGE_URL ""
| #define PACKAGE "gmock"
| #define VERSION "1.8.0"
| /* end confdefs.h.  */
| #include <ac_nonexistent.h>
configure:7998: checking for ANSI C header files
configure:8018: /usr/bin/aarch64-linux-gnu-gcc -c   conftest.c >&5
configure:8018: $? = 0
configure:8102: result: yes
configure:8115: checking for sys/types.h
configure:8115: /usr/bin/aarch64-linux-gnu-gcc -c   conftest.c >&5
configure:8115: $? = 0
configure:8115: result: yes
configure:8115: checking for sys/stat.h
configure:8115: /usr/bin/aarch64-linux-gnu-gcc -c   conftest.c >&5
configure:8115: $? = 0
configure:8115: result: yes
configure:8115: checking for stdlib.h
configure:8115: /usr/bin/aarch64-linux-gnu-gcc -c   conftest.c >&5
configure:8115: $? = 0
configure:8115: result: yes
configure:8115: checking for string.h
configure:8115: /usr/bin/aarch64-linux-gnu-gcc -c   conftest.c >&5
configure:8115: $? = 0
configure:8115: result: yes
configure:8115: checking for memory.h
configure:8115: /usr/bin/aarch64-linux-gnu-gcc -c   conftest.c >&5
configure:8115: $? = 0
configure:8115: result: yes
configure:8115: checking for strings.h
configure:8115: /usr/bin/aarch64-linux-gnu-gcc -c   conftest.c >&5
configure:8115: $? = 0
configure:8115: result: yes
configure:8115: checking for inttypes.h
configure:8115: /usr/bin/aarch64-linux-gnu-gcc -c   conftest.c >&5
configure:8115: $? = 0
configure:8115: result: yes
configure:8115: checking for stdint.h
configure:8115: /usr/bin/aarch64-linux-gnu-gcc -c   conftest.c >&5
configure:8115: $? = 0
configure:8115: result: yes
configure:8115: checking for unistd.h
configure:8115: /usr/bin/aarch64-linux-gnu-gcc -c   conftest.c >&5
configure:8115: $? = 0
configure:8115: result: yes
configure:8129: checking for dlfcn.h
configure:8129: /usr/bin/aarch64-linux-gnu-gcc -c   conftest.c >&5
configure:8129: $? = 0
configure:8129: result: yes
configure:8395: checking for objdir
configure:8410: result: .libs
configure:8670: checking if /usr/bin/aarch64-linux-gnu-gcc supports -fno-rtti -fno-exceptions
configure:8688: /usr/bin/aarch64-linux-gnu-gcc -c   -fno-rtti -fno-exceptions conftest.c >&5
cc1: warning: command line option '-fno-rtti' is valid for C++/ObjC++ but not for C
configure:8692: $? = 0
configure:8705: result: no
configure:9063: checking for /usr/bin/aarch64-linux-gnu-gcc option to produce PIC
configure:9070: result: -fPIC -DPIC
configure:9078: checking if /usr/bin/aarch64-linux-gnu-gcc PIC flag -fPIC -DPIC works
configure:9096: /usr/bin/aarch64-linux-gnu-gcc -c   -fPIC -DPIC -DPIC conftest.c >&5
configure:9100: $? = 0
configure:9113: result: yes
configure:9142: checking if /usr/bin/aarch64-linux-gnu-gcc static flag -static works
configure:9170: result: yes
configure:9185: checking if /usr/bin/aarch64-linux-gnu-gcc supports -c -o file.o
configure:9206: /usr/bin/aarch64-linux-gnu-gcc -c   -o out/conftest2.o conftest.c >&5
configure:9210: $? = 0
configure:9232: result: yes
configure:9240: checking if /usr/bin/aarch64-linux-gnu-gcc supports -c -o file.o
configure:9287: result: yes
configure:9320: checking whether the /usr/bin/aarch64-linux-gnu-gcc linker (/usr/aarch64-linux-gnu/bin/ld) supports shared libraries
configure:10583: result: yes
configure:10620: checking whether -lc should be explicitly linked in
configure:10628: /usr/bin/aarch64-linux-gnu-gcc -c   conftest.c >&5
configure:10631: $? = 0
configure:10646: /usr/bin/aarch64-linux-gnu-gcc -shared  -fPIC -DPIC conftest.o  -v -Wl,-soname -Wl,conftest -o conftest 2\>\&1 \| /bin/grep  -lc  \>/dev/null 2\>\&1
configure:10649: $? = 0
configure:10663: result: no
configure:10823: checking dynamic linker characteristics
configure:11404: /usr/bin/aarch64-linux-gnu-gcc -o conftest    -Wl,-rpath -Wl,/foo conftest.c  >&5
configure:11404: $? = 0
configure:11653: result: GNU/Linux ld.so
configure:11775: checking how to hardcode library paths into programs
configure:11800: result: immediate
configure:12348: checking whether stripping libraries is possible
configure:12353: result: yes
configure:12388: checking if libtool supports shared libraries
configure:12390: result: yes
configure:12393: checking whether to build shared libraries
configure:12418: result: yes
configure:12421: checking whether to build static libraries
configure:12425: result: yes
configure:12448: checking how to run the C++ preprocessor
configure:12475: /usr/bin/aarch64-linux-gnu-g++ -E  conftest.cpp
configure:12475: $? = 0
configure:12489: /usr/bin/aarch64-linux-gnu-g++ -E  conftest.cpp
conftest.cpp:23:28: fatal error: ac_nonexistent.h: No such file or directory
compilation terminated.
configure:12489: $? = 1
configure: failed program was:
| /* confdefs.h */
| #define PACKAGE_NAME "Google C++ Mocking Framework"
| #define PACKAGE_TARNAME "gmock"
| #define PACKAGE_VERSION "1.8.0"
| #define PACKAGE_STRING "Google C++ Mocking Framework 1.8.0"
| #define PACKAGE_BUGREPORT "googlemock@googlegroups.com"
| #define PACKAGE_URL ""
| #define PACKAGE "gmock"
| #define VERSION "1.8.0"
| #define STDC_HEADERS 1
| #define HAVE_SYS_TYPES_H 1
| #define HAVE_SYS_STAT_H 1
| #define HAVE_STDLIB_H 1
| #define HAVE_STRING_H 1
| #define HAVE_MEMORY_H 1
| #define HAVE_STRINGS_H 1
| #define HAVE_INTTYPES_H 1
| #define HAVE_STDINT_H 1
| #define HAVE_UNISTD_H 1
| #define HAVE_DLFCN_H 1
| #define LT_OBJDIR ".libs/"
| /* end confdefs.h.  */
| #include <ac_nonexistent.h>
configure:12514: result: /usr/bin/aarch64-linux-gnu-g++ -E
configure:12534: /usr/bin/aarch64-linux-gnu-g++ -E  conftest.cpp
configure:12534: $? = 0
configure:12548: /usr/bin/aarch64-linux-gnu-g++ -E  conftest.cpp
conftest.cpp:23:28: fatal error: ac_nonexistent.h: No such file or directory
compilation terminated.
configure:12548: $? = 1
configure: failed program was:
| /* confdefs.h */
| #define PACKAGE_NAME "Google C++ Mocking Framework"
| #define PACKAGE_TARNAME "gmock"
| #define PACKAGE_VERSION "1.8.0"
| #define PACKAGE_STRING "Google C++ Mocking Framework 1.8.0"
| #define PACKAGE_BUGREPORT "googlemock@googlegroups.com"
| #define PACKAGE_URL ""
| #define PACKAGE "gmock"
| #define VERSION "1.8.0"
| #define STDC_HEADERS 1
| #define HAVE_SYS_TYPES_H 1
| #define HAVE_SYS_STAT_H 1
| #define HAVE_STDLIB_H 1
| #define HAVE_STRING_H 1
| #define HAVE_MEMORY_H 1
| #define HAVE_STRINGS_H 1
| #define HAVE_INTTYPES_H 1
| #define HAVE_STDINT_H 1
| #define HAVE_UNISTD_H 1
| #define HAVE_DLFCN_H 1
| #define LT_OBJDIR ".libs/"
| /* end confdefs.h.  */
| #include <ac_nonexistent.h>
configure:12710: checking for ld used by /usr/bin/aarch64-linux-gnu-g++
configure:12777: result: /usr/aarch64-linux-gnu/bin/ld
configure:12784: checking if the linker (/usr/aarch64-linux-gnu/bin/ld) is GNU ld
configure:12799: result: yes
configure:12854: checking whether the /usr/bin/aarch64-linux-gnu-g++ linker (/usr/aarch64-linux-gnu/bin/ld) supports shared libraries
configure:13927: result: yes
configure:13963: /usr/bin/aarch64-linux-gnu-g++ -c  -g -std=c++11 -DNDEBUG  conftest.cpp >&5
configure:13966: $? = 0
configure:14447: checking for /usr/bin/aarch64-linux-gnu-g++ option to produce PIC
configure:14454: result: -fPIC -DPIC
configure:14462: checking if /usr/bin/aarch64-linux-gnu-g++ PIC flag -fPIC -DPIC works
configure:14480: /usr/bin/aarch64-linux-gnu-g++ -c  -g -std=c++11 -DNDEBUG  -fPIC -DPIC -DPIC conftest.cpp >&5
configure:14484: $? = 0
configure:14497: result: yes
configure:14520: checking if /usr/bin/aarch64-linux-gnu-g++ static flag -static works
configure:14548: result: yes
configure:14560: checking if /usr/bin/aarch64-linux-gnu-g++ supports -c -o file.o
configure:14581: /usr/bin/aarch64-linux-gnu-g++ -c  -g -std=c++11 -DNDEBUG  -o out/conftest2.o conftest.cpp >&5
configure:14585: $? = 0
configure:14607: result: yes
configure:14612: checking if /usr/bin/aarch64-linux-gnu-g++ supports -c -o file.o
configure:14659: result: yes
configure:14689: checking whether the /usr/bin/aarch64-linux-gnu-g++ linker (/usr/aarch64-linux-gnu/bin/ld) supports shared libraries
configure:14732: result: yes
configure:14873: checking dynamic linker characteristics
configure:15630: result: GNU/Linux ld.so
configure:15695: checking how to hardcode library paths into programs
configure:15720: result: immediate
configure:15790: checking for python
configure:15808: found /usr/bin/python
configure:15821: result: /usr/bin/python
configure:15839: /usr/bin/python -c import sys # split strings by '.' and convert to numeric. Append some zeros # because we need at least 4 digits for the hex conversion. # map returns an iterator in Python 3.0 and a list in 2.x minver = list(map(int, '2.3'.split('.'))) + [0, 0, 0] minverhex = 0 # xrange is not present in Python 3.0 and range returns an iterator for i in list(range(0, 4)): minverhex = (minverhex << 8) + minver[i] sys.exit(sys.hexversion < minverhex)
configure:15842: $? = 0
configure:16037: checking for the pthreads library -lpthreads
configure:16070: /usr/bin/aarch64-linux-gnu-gcc -o conftest     conftest.c -lpthreads  >&5
conftest.c: In function 'main':
conftest.c:28:22: warning: null argument where non-null required (argument 1) [-Wnonnull]
                      pthread_attr_init(0); pthread_cleanup_push(0, 0);
                      ^
conftest.c:29:22: warning: null argument where non-null required (argument 1) [-Wnonnull]
                      pthread_create(0,0,0,0); pthread_cleanup_pop(0);
                      ^
conftest.c:29:22: warning: null argument where non-null required (argument 3) [-Wnonnull]
/usr/lib/gcc-cross/aarch64-linux-gnu/5/../../../../aarch64-linux-gnu/bin/ld: cannot find -lpthreads
collect2: error: ld returned 1 exit status
configure:16070: $? = 1
configure: failed program was:
| /* confdefs.h */
| #define PACKAGE_NAME "Google C++ Mocking Framework"
| #define PACKAGE_TARNAME "gmock"
| #define PACKAGE_VERSION "1.8.0"
| #define PACKAGE_STRING "Google C++ Mocking Framework 1.8.0"
| #define PACKAGE_BUGREPORT "googlemock@googlegroups.com"
| #define PACKAGE_URL ""
| #define PACKAGE "gmock"
| #define VERSION "1.8.0"
| #define STDC_HEADERS 1
| #define HAVE_SYS_TYPES_H 1
| #define HAVE_SYS_STAT_H 1
| #define HAVE_STDLIB_H 1
| #define HAVE_STRING_H 1
| #define HAVE_MEMORY_H 1
| #define HAVE_STRINGS_H 1
| #define HAVE_INTTYPES_H 1
| #define HAVE_STDINT_H 1
| #define HAVE_UNISTD_H 1
| #define HAVE_DLFCN_H 1
| #define LT_OBJDIR ".libs/"
| /* end confdefs.h.  */
| #include <pthread.h>
| int
| main ()
| {
| pthread_t th; pthread_join(th, 0);
|                      pthread_attr_init(0); pthread_cleanup_push(0, 0);
|                      pthread_create(0,0,0,0); pthread_cleanup_pop(0);
|   ;
|   return 0;
| }
configure:16079: result: no
configure:15982: checking whether pthreads work without any flags
configure:16070: /usr/bin/aarch64-linux-gnu-gcc -o conftest     conftest.c   >&5
conftest.c: In function 'main':
conftest.c:28:22: warning: null argument where non-null required (argument 1) [-Wnonnull]
                      pthread_attr_init(0); pthread_cleanup_push(0, 0);
                      ^
conftest.c:29:22: warning: null argument where non-null required (argument 1) [-Wnonnull]
                      pthread_create(0,0,0,0); pthread_cleanup_pop(0);
                      ^
conftest.c:29:22: warning: null argument where non-null required (argument 3) [-Wnonnull]
/tmp/cct4xdDr.o: In function `main':
conftest.c:(.text+0x24): undefined reference to `pthread_join'
conftest.c:(.text+0x6c): undefined reference to `__pthread_register_cancel'
conftest.c:(.text+0x80): undefined reference to `pthread_create'
conftest.c:(.text+0x88): undefined reference to `__pthread_unregister_cancel'
collect2: error: ld returned 1 exit status
configure:16070: $? = 1
configure: failed program was:
| /* confdefs.h */
| #define PACKAGE_NAME "Google C++ Mocking Framework"
| #define PACKAGE_TARNAME "gmock"
| #define PACKAGE_VERSION "1.8.0"
| #define PACKAGE_STRING "Google C++ Mocking Framework 1.8.0"
| #define PACKAGE_BUGREPORT "googlemock@googlegroups.com"
| #define PACKAGE_URL ""
| #define PACKAGE "gmock"
| #define VERSION "1.8.0"
| #define STDC_HEADERS 1
| #define HAVE_SYS_TYPES_H 1
| #define HAVE_SYS_STAT_H 1
| #define HAVE_STDLIB_H 1
| #define HAVE_STRING_H 1
| #define HAVE_MEMORY_H 1
| #define HAVE_STRINGS_H 1
| #define HAVE_INTTYPES_H 1
| #define HAVE_STDINT_H 1
| #define HAVE_UNISTD_H 1
| #define HAVE_DLFCN_H 1
| #define LT_OBJDIR ".libs/"
| /* end confdefs.h.  */
| #include <pthread.h>
| int
| main ()
| {
| pthread_t th; pthread_join(th, 0);
|                      pthread_attr_init(0); pthread_cleanup_push(0, 0);
|                      pthread_create(0,0,0,0); pthread_cleanup_pop(0);
|   ;
|   return 0;
| }
configure:16079: result: no
configure:15987: checking whether pthreads work with -Kthread
configure:16070: /usr/bin/aarch64-linux-gnu-gcc -o conftest  -Kthread   conftest.c   >&5
aarch64-linux-gnu-gcc: error: unrecognized command line option '-Kthread'
configure:16070: $? = 1
configure: failed program was:
| /* confdefs.h */
| #define PACKAGE_NAME "Google C++ Mocking Framework"
| #define PACKAGE_TARNAME "gmock"
| #define PACKAGE_VERSION "1.8.0"
| #define PACKAGE_STRING "Google C++ Mocking Framework 1.8.0"
| #define PACKAGE_BUGREPORT "googlemock@googlegroups.com"
| #define PACKAGE_URL ""
| #define PACKAGE "gmock"
| #define VERSION "1.8.0"
| #define STDC_HEADERS 1
| #define HAVE_SYS_TYPES_H 1
| #define HAVE_SYS_STAT_H 1
| #define HAVE_STDLIB_H 1
| #define HAVE_STRING_H 1
| #define HAVE_MEMORY_H 1
| #define HAVE_STRINGS_H 1
| #define HAVE_INTTYPES_H 1
| #define HAVE_STDINT_H 1
| #define HAVE_UNISTD_H 1
| #define HAVE_DLFCN_H 1
| #define LT_OBJDIR ".libs/"
| /* end confdefs.h.  */
| #include <pthread.h>
| int
| main ()
| {
| pthread_t th; pthread_join(th, 0);
|                      pthread_attr_init(0); pthread_cleanup_push(0, 0);
|                      pthread_create(0,0,0,0); pthread_cleanup_pop(0);
|   ;
|   return 0;
| }
configure:16079: result: no
configure:15987: checking whether pthreads work with -kthread
configure:16070: /usr/bin/aarch64-linux-gnu-gcc -o conftest  -kthread   conftest.c   >&5
aarch64-linux-gnu-gcc: error: unrecognized command line option '-kthread'
configure:16070: $? = 1
configure: failed program was:
| /* confdefs.h */
| #define PACKAGE_NAME "Google C++ Mocking Framework"
| #define PACKAGE_TARNAME "gmock"
| #define PACKAGE_VERSION "1.8.0"
| #define PACKAGE_STRING "Google C++ Mocking Framework 1.8.0"
| #define PACKAGE_BUGREPORT "googlemock@googlegroups.com"
| #define PACKAGE_URL ""
| #define PACKAGE "gmock"
| #define VERSION "1.8.0"
| #define STDC_HEADERS 1
| #define HAVE_SYS_TYPES_H 1
| #define HAVE_SYS_STAT_H 1
| #define HAVE_STDLIB_H 1
| #define HAVE_STRING_H 1
| #define HAVE_MEMORY_H 1
| #define HAVE_STRINGS_H 1
| #define HAVE_INTTYPES_H 1
| #define HAVE_STDINT_H 1
| #define HAVE_UNISTD_H 1
| #define HAVE_DLFCN_H 1
| #define LT_OBJDIR ".libs/"
| /* end confdefs.h.  */
| #include <pthread.h>
| int
| main ()
| {
| pthread_t th; pthread_join(th, 0);
|                      pthread_attr_init(0); pthread_cleanup_push(0, 0);
|                      pthread_create(0,0,0,0); pthread_cleanup_pop(0);
|   ;
|   return 0;
| }
configure:16079: result: no
configure:16037: checking for the pthreads library -llthread
configure:16070: /usr/bin/aarch64-linux-gnu-gcc -o conftest     conftest.c -llthread  >&5
conftest.c: In function 'main':
conftest.c:28:22: warning: null argument where non-null required (argument 1) [-Wnonnull]
                      pthread_attr_init(0); pthread_cleanup_push(0, 0);
                      ^
conftest.c:29:22: warning: null argument where non-null required (argument 1) [-Wnonnull]
                      pthread_create(0,0,0,0); pthread_cleanup_pop(0);
                      ^
conftest.c:29:22: warning: null argument where non-null required (argument 3) [-Wnonnull]
/usr/lib/gcc-cross/aarch64-linux-gnu/5/../../../../aarch64-linux-gnu/bin/ld: cannot find -llthread
collect2: error: ld returned 1 exit status
configure:16070: $? = 1
configure: failed program was:
| /* confdefs.h */
| #define PACKAGE_NAME "Google C++ Mocking Framework"
| #define PACKAGE_TARNAME "gmock"
| #define PACKAGE_VERSION "1.8.0"
| #define PACKAGE_STRING "Google C++ Mocking Framework 1.8.0"
| #define PACKAGE_BUGREPORT "googlemock@googlegroups.com"
| #define PACKAGE_URL ""
| #define PACKAGE "gmock"
| #define VERSION "1.8.0"
| #define STDC_HEADERS 1
| #define HAVE_SYS_TYPES_H 1
| #define HAVE_SYS_STAT_H 1
| #define HAVE_STDLIB_H 1
| #define HAVE_STRING_H 1
| #define HAVE_MEMORY_H 1
| #define HAVE_STRINGS_H 1
| #define HAVE_INTTYPES_H 1
| #define HAVE_STDINT_H 1
| #define HAVE_UNISTD_H 1
| #define HAVE_DLFCN_H 1
| #define LT_OBJDIR ".libs/"
| /* end confdefs.h.  */
| #include <pthread.h>
| int
| main ()
| {
| pthread_t th; pthread_join(th, 0);
|                      pthread_attr_init(0); pthread_cleanup_push(0, 0);
|                      pthread_create(0,0,0,0); pthread_cleanup_pop(0);
|   ;
|   return 0;
| }
configure:16079: result: no
configure:15987: checking whether pthreads work with -pthread
configure:16070: /usr/bin/aarch64-linux-gnu-gcc -o conftest  -pthread   conftest.c   >&5
conftest.c: In function 'main':
conftest.c:28:22: warning: null argument where non-null required (argument 1) [-Wnonnull]
                      pthread_attr_init(0); pthread_cleanup_push(0, 0);
                      ^
conftest.c:29:22: warning: null argument where non-null required (argument 1) [-Wnonnull]
                      pthread_create(0,0,0,0); pthread_cleanup_pop(0);
                      ^
conftest.c:29:22: warning: null argument where non-null required (argument 3) [-Wnonnull]
configure:16070: $? = 0
configure:16079: result: yes
configure:16098: checking for joinable pthread attribute
configure:16113: /usr/bin/aarch64-linux-gnu-gcc -o conftest  -pthread   conftest.c   >&5
configure:16113: $? = 0
configure:16119: result: PTHREAD_CREATE_JOINABLE
configure:16129: checking if more special flags are required for pthreads
configure:16136: result: no
configure:16225: checking whether to check for GCC pthread/shared inconsistencies
configure:16238: /usr/bin/aarch64-linux-gnu-gcc -o conftest -shared -fPIC -Wl,-z,defs  -pthread   conftest.c   >&5
configure:16238: $? = 0
configure:16250: result: yes
configure:16256: checking whether -pthread is sufficient with -shared
configure:16271: /usr/bin/aarch64-linux-gnu-gcc -o conftest -shared -fPIC -Wl,-z,defs  -pthread   conftest.c   >&5
conftest.c: In function 'main':
conftest.c:28:8: warning: null argument where non-null required (argument 1) [-Wnonnull]
        pthread_attr_init(0); pthread_cleanup_push(0, 0);
        ^
conftest.c:29:8: warning: null argument where non-null required (argument 1) [-Wnonnull]
        pthread_create(0,0,0,0); pthread_cleanup_pop(0);
        ^
conftest.c:29:8: warning: null argument where non-null required (argument 3) [-Wnonnull]
configure:16271: $? = 0
configure:16278: result: yes
configure:16473: checking for gtest-config
configure:16506: result: no
configure:16657: checking that generated files are newer than configure
configure:16663: result: done
configure:16698: creating ./config.status

## ---------------------- ##
## Running config.status. ##
## ---------------------- ##

This file was extended by Google C++ Mocking Framework config.status 1.8.0, which was
generated by GNU Autoconf 2.69.  Invocation command line was

  CONFIG_FILES    = 
  CONFIG_HEADERS  = 
  CONFIG_LINKS    = 
  CONFIG_COMMANDS = 
  $ ./config.status 

on allen-18

config.status:1164: creating Makefile
config.status:1164: creating scripts/gmock-config
config.status:1164: creating build-aux/config.h
config.status:1393: executing depfiles commands
config.status:1393: executing libtool commands

## ---------------- ##
## Cache variables. ##
## ---------------- ##

ac_cv_build=x86_64-pc-linux-gnu
ac_cv_c_compiler_gnu=yes
ac_cv_cxx_compiler_gnu=yes
ac_cv_env_CCC_set=
ac_cv_env_CCC_value=
ac_cv_env_CC_set=set
ac_cv_env_CC_value=/usr/bin/aarch64-linux-gnu-gcc
ac_cv_env_CFLAGS_set=set
ac_cv_env_CFLAGS_value=
ac_cv_env_CPPFLAGS_set=
ac_cv_env_CPPFLAGS_value=
ac_cv_env_CPP_set=
ac_cv_env_CPP_value=
ac_cv_env_CXXCPP_set=
ac_cv_env_CXXCPP_value=
ac_cv_env_CXXFLAGS_set=set
ac_cv_env_CXXFLAGS_value=' -g -std=c++11 -DNDEBUG'
ac_cv_env_CXX_set=set
ac_cv_env_CXX_value=/usr/bin/aarch64-linux-gnu-g++
ac_cv_env_GTEST_CONFIG_set=
ac_cv_env_GTEST_CONFIG_value=
ac_cv_env_GTEST_CPPFLAGS_set=
ac_cv_env_GTEST_CPPFLAGS_value=
ac_cv_env_GTEST_CXXFLAGS_set=
ac_cv_env_GTEST_CXXFLAGS_value=
ac_cv_env_GTEST_LDFLAGS_set=
ac_cv_env_GTEST_LDFLAGS_value=
ac_cv_env_GTEST_LIBS_set=
ac_cv_env_GTEST_LIBS_value=
ac_cv_env_GTEST_VERSION_set=
ac_cv_env_GTEST_VERSION_value=
ac_cv_env_LDFLAGS_set=
ac_cv_env_LDFLAGS_value=
ac_cv_env_LIBS_set=
ac_cv_env_LIBS_value=
ac_cv_env_LT_SYS_LIBRARY_PATH_set=
ac_cv_env_LT_SYS_LIBRARY_PATH_value=
ac_cv_env_build_alias_set=
ac_cv_env_build_alias_value=
ac_cv_env_host_alias_set=set
ac_cv_env_host_alias_value=aarch64-linux-gnu
ac_cv_env_target_alias_set=
ac_cv_env_target_alias_value=
ac_cv_header_dlfcn_h=yes
ac_cv_header_inttypes_h=yes
ac_cv_header_memory_h=yes
ac_cv_header_stdc=yes
ac_cv_header_stdint_h=yes
ac_cv_header_stdlib_h=yes
ac_cv_header_string_h=yes
ac_cv_header_strings_h=yes
ac_cv_header_sys_stat_h=yes
ac_cv_header_sys_types_h=yes
ac_cv_header_unistd_h=yes
ac_cv_host=aarch64-unknown-linux-gnu
ac_cv_objext=o
ac_cv_path_EGREP='/bin/grep -E'
ac_cv_path_FGREP='/bin/grep -F'
ac_cv_path_GREP=/bin/grep
ac_cv_path_PYTHON=/usr/bin/python
ac_cv_path_SED=/bin/sed
ac_cv_path_install='/usr/bin/install -c'
ac_cv_path_lt_DD=/bin/dd
ac_cv_path_mkdir=/bin/mkdir
ac_cv_prog_AR=aarch64-linux-gnu-ar
ac_cv_prog_AWK=mawk
ac_cv_prog_CC=/usr/bin/aarch64-linux-gnu-gcc
ac_cv_prog_CPP='/usr/bin/aarch64-linux-gnu-gcc -E'
ac_cv_prog_CXXCPP='/usr/bin/aarch64-linux-gnu-g++ -E'
ac_cv_prog_OBJDUMP=aarch64-linux-gnu-objdump
ac_cv_prog_RANLIB=aarch64-linux-gnu-ranlib
ac_cv_prog_STRIP=aarch64-linux-gnu-strip
ac_cv_prog_ac_ct_MANIFEST_TOOL=mt
ac_cv_prog_cc_c89=
ac_cv_prog_cc_g=yes
ac_cv_prog_cxx_g=yes
ac_cv_prog_make_make_set=yes
am_cv_CC_dependencies_compiler_type=gcc3
am_cv_CXX_dependencies_compiler_type=gcc3
am_cv_make_support_nested_variables=yes
am_cv_prog_cc_c_o=yes
lt_cv_ar_at_file=@
lt_cv_archive_cmds_need_lc=no
lt_cv_deplibs_check_method=pass_all
lt_cv_file_magic_cmd='$MAGIC_CMD'
lt_cv_file_magic_test_file=
lt_cv_ld_reload_flag=-r
lt_cv_nm_interface='BSD nm'
lt_cv_objdir=.libs
lt_cv_path_LD=/usr/aarch64-linux-gnu/bin/ld
lt_cv_path_LDCXX=/usr/aarch64-linux-gnu/bin/ld
lt_cv_path_NM='/usr/bin/aarch64-linux-gnu-nm -B'
lt_cv_path_mainfest_tool=no
lt_cv_prog_compiler_c_o=yes
lt_cv_prog_compiler_c_o_CXX=yes
lt_cv_prog_compiler_pic='-fPIC -DPIC'
lt_cv_prog_compiler_pic_CXX='-fPIC -DPIC'
lt_cv_prog_compiler_pic_works=yes
lt_cv_prog_compiler_pic_works_CXX=yes
lt_cv_prog_compiler_rtti_exceptions=no
lt_cv_prog_compiler_static_works=yes
lt_cv_prog_compiler_static_works_CXX=yes
lt_cv_prog_gnu_ld=yes
lt_cv_prog_gnu_ldcxx=yes
lt_cv_sharedlib_from_linklib_cmd='printf %s\n'
lt_cv_shlibpath_overrides_runpath=no
lt_cv_sys_global_symbol_pipe='sed -n -e '\''s/^.*[	 ]\([ABCDGIRSTW][ABCDGIRSTW]*\)[	 ][	 ]*\([_A-Za-z][_A-Za-z0-9]*\)$/\1 \2 \2/p'\'' | sed '\''/ __gnu_lto/d'\'''
lt_cv_sys_global_symbol_to_c_name_address='sed -n -e '\''s/^: \(.*\) .*$/  {"\1", (void *) 0},/p'\'' -e '\''s/^[ABCDGIRSTW][ABCDGIRSTW]* .* \(.*\)$/  {"\1", (void *) \&\1},/p'\'''
lt_cv_sys_global_symbol_to_c_name_address_lib_prefix='sed -n -e '\''s/^: \(.*\) .*$/  {"\1", (void *) 0},/p'\'' -e '\''s/^[ABCDGIRSTW][ABCDGIRSTW]* .* \(lib.*\)$/  {"\1", (void *) \&\1},/p'\'' -e '\''s/^[ABCDGIRSTW][ABCDGIRSTW]* .* \(.*\)$/  {"lib\1", (void *) \&\1},/p'\'''
lt_cv_sys_global_symbol_to_cdecl='sed -n -e '\''s/^T .* \(.*\)$/extern int \1();/p'\'' -e '\''s/^[ABCDGIRSTW][ABCDGIRSTW]* .* \(.*\)$/extern char \1;/p'\'''
lt_cv_sys_global_symbol_to_import=
lt_cv_sys_max_cmd_len=1572864
lt_cv_to_host_file_cmd=func_convert_file_noop
lt_cv_to_tool_file_cmd=func_convert_file_noop
lt_cv_truncate_bin='/bin/dd bs=4096 count=1'

## ----------------- ##
## Output variables. ##
## ----------------- ##

ACLOCAL='${SHELL} /home/allen/protobuf-3.6.1/third_party/googletest/googlemock/build-aux/missing aclocal-1.15'
AMDEPBACKSLASH='\'
AMDEP_FALSE='#'
AMDEP_TRUE=''
AMTAR='$${TAR-tar}'
AM_BACKSLASH='\'
AM_DEFAULT_V='$(AM_DEFAULT_VERBOSITY)'
AM_DEFAULT_VERBOSITY='1'
AM_V='$(V)'
AR='aarch64-linux-gnu-ar'
AUTOCONF='${SHELL} /home/allen/protobuf-3.6.1/third_party/googletest/googlemock/build-aux/missing autoconf'
AUTOHEADER='${SHELL} /home/allen/protobuf-3.6.1/third_party/googletest/googlemock/build-aux/missing autoheader'
AUTOMAKE='${SHELL} /home/allen/protobuf-3.6.1/third_party/googletest/googlemock/build-aux/missing automake-1.15'
AWK='mawk'
CC='/usr/bin/aarch64-linux-gnu-gcc'
CCDEPMODE='depmode=gcc3'
CFLAGS=''
CPP='/usr/bin/aarch64-linux-gnu-gcc -E'
CPPFLAGS=''
CXX='/usr/bin/aarch64-linux-gnu-g++'
CXXCPP='/usr/bin/aarch64-linux-gnu-g++ -E'
CXXDEPMODE='depmode=gcc3'
CXXFLAGS=' -g -std=c++11 -DNDEBUG'
CYGPATH_W='echo'
DEFS='-DHAVE_CONFIG_H'
DEPDIR='.deps'
DLLTOOL='false'
DSYMUTIL=''
DUMPBIN=''
ECHO_C=''
ECHO_N='-n'
ECHO_T=''
EGREP='/bin/grep -E'
EXEEXT=''
FGREP='/bin/grep -F'
GREP='/bin/grep'
GTEST_CONFIG='/home/allen/protobuf-3.6.1/third_party/googletest/googlemock/../googletest/scripts/gtest-config'
GTEST_CPPFLAGS='-I$(top_srcdir)/../googletest/include'
GTEST_CXXFLAGS='-g'
GTEST_LDFLAGS=''
GTEST_LIBS='$(top_builddir)/../googletest/lib/libgtest.la'
GTEST_VERSION='1.8.0'
HAVE_PTHREADS_FALSE='#'
HAVE_PTHREADS_TRUE=''
HAVE_PYTHON_FALSE='#'
HAVE_PYTHON_TRUE=''
INSTALL_DATA='${INSTALL} -m 644'
INSTALL_PROGRAM='${INSTALL}'
INSTALL_SCRIPT='${INSTALL}'
INSTALL_STRIP_PROGRAM='$(install_sh) -c -s'
LD='/usr/aarch64-linux-gnu/bin/ld'
LDFLAGS=''
LIBOBJS=''
LIBS=''
LIBTOOL='$(SHELL) $(top_builddir)/libtool'
LIPO=''
LN_S='ln -s'
LTLIBOBJS=''
LT_SYS_LIBRARY_PATH=''
MAKEINFO='${SHELL} /home/allen/protobuf-3.6.1/third_party/googletest/googlemock/build-aux/missing makeinfo'
MANIFEST_TOOL=':'
MKDIR_P='/bin/mkdir -p'
NM='/usr/bin/aarch64-linux-gnu-nm -B'
NMEDIT=''
OBJDUMP='aarch64-linux-gnu-objdump'
OBJEXT='o'
OTOOL64=''
OTOOL=''
PACKAGE='gmock'
PACKAGE_BUGREPORT='googlemock@googlegroups.com'
PACKAGE_NAME='Google C++ Mocking Framework'
PACKAGE_STRING='Google C++ Mocking Framework 1.8.0'
PACKAGE_TARNAME='gmock'
PACKAGE_URL=''
PACKAGE_VERSION='1.8.0'
PATH_SEPARATOR=':'
PTHREAD_CC='/usr/bin/aarch64-linux-gnu-gcc'
PTHREAD_CFLAGS='-pthread'
PTHREAD_LIBS=''
PYTHON='/usr/bin/python'
RANLIB='aarch64-linux-gnu-ranlib'
SED='/bin/sed'
SET_MAKE=''
SHELL='/bin/bash'
STRIP='aarch64-linux-gnu-strip'
VERSION='1.8.0'
ac_ct_AR=''
ac_ct_CC=''
ac_ct_CXX=''
ac_ct_DUMPBIN=''
acx_pthread_config=''
am__EXEEXT_FALSE=''
am__EXEEXT_TRUE='#'
am__fastdepCC_FALSE='#'
am__fastdepCC_TRUE=''
am__fastdepCXX_FALSE='#'
am__fastdepCXX_TRUE=''
am__include='include'
am__isrc=''
am__leading_dot='.'
am__nodep='_no'
am__quote=''
am__tar='$${TAR-tar} chof - "$$tardir"'
am__untar='$${TAR-tar} xf -'
bindir='${exec_prefix}/bin'
build='x86_64-pc-linux-gnu'
build_alias=''
build_cpu='x86_64'
build_os='linux-gnu'
build_vendor='pc'
datadir='${datarootdir}'
datarootdir='${prefix}/share'
docdir='${datarootdir}/doc/${PACKAGE_TARNAME}'
dvidir='${docdir}'
exec_prefix='${prefix}'
host='aarch64-unknown-linux-gnu'
host_alias='aarch64-linux-gnu'
host_cpu='aarch64'
host_os='linux-gnu'
host_vendor='unknown'
htmldir='${docdir}'
includedir='${prefix}/include'
infodir='${datarootdir}/info'
install_sh='${SHELL} /home/allen/protobuf-3.6.1/third_party/googletest/googlemock/build-aux/install-sh'
libdir='${exec_prefix}/lib'
libexecdir='${exec_prefix}/libexec'
localedir='${datarootdir}/locale'
localstatedir='${prefix}/var'
mandir='${datarootdir}/man'
mkdir_p='$(MKDIR_P)'
oldincludedir='/usr/include'
pdfdir='${docdir}'
prefix='/protobuf-3.6.1'
program_transform_name='s,x,x,'
psdir='${docdir}'
runstatedir='${localstatedir}/run'
sbindir='${exec_prefix}/sbin'
sharedstatedir='${prefix}/com'
sysconfdir='${prefix}/etc'
target_alias=''

## ----------- ##
## confdefs.h. ##
## ----------- ##

/* confdefs.h */
#define PACKAGE_NAME "Google C++ Mocking Framework"
#define PACKAGE_TARNAME "gmock"
#define PACKAGE_VERSION "1.8.0"
#define PACKAGE_STRING "Google C++ Mocking Framework 1.8.0"
#define PACKAGE_BUGREPORT "googlemock@googlegroups.com"
#define PACKAGE_URL ""
#define PACKAGE "gmock"
#define VERSION "1.8.0"
#define STDC_HEADERS 1
#define HAVE_SYS_TYPES_H 1
#define HAVE_SYS_STAT_H 1
#define HAVE_STDLIB_H 1
#define HAVE_STRING_H 1
#define HAVE_MEMORY_H 1
#define HAVE_STRINGS_H 1
#define HAVE_INTTYPES_H 1
#define HAVE_STDINT_H 1
#define HAVE_UNISTD_H 1
#define HAVE_DLFCN_H 1
#define LT_OBJDIR ".libs/"
#define HAVE_PTHREAD 1

configure: exit 0
