This file contains any messages produced by compilers while
running configure, to aid debugging if configure makes a mistake.

It was created by Google C++ Mocking Framework configure 1.7.0, which was
generated by GNU Autoconf 2.69.  Invocation command line was

  $ ./configure --disable-option-checking --prefix=/protobuf-3.5.1 CC=/usr/bin/aarch64-linux-gnu-gcc CXX=/usr/bin/aarch64-linux-gnu-g++ --host=aarch64-linux-gnu --with-protoc=/home/allen/protobuf-3.5.1-x86/src/protoc host_alias=aarch64-linux-gnu --cache-file=/dev/null --srcdir=.

## --------- ##
## Platform. ##
## --------- ##

hostname = allen-18
uname -m = x86_64
uname -r = 4.15.0-91-generic
uname -s = Linux
uname -v = #92~16.04.1-Ubuntu SMP Fri Feb 28 14:57:22 UTC 2020

/usr/bin/uname -p = unknown
/bin/uname -X     = unknown

/bin/arch              = unknown
/usr/bin/arch -k       = unknown
/usr/convex/getsysinfo = unknown
/usr/bin/hostinfo      = unknown
/bin/machine           = unknown
/usr/bin/oslevel       = unknown
/bin/universe          = unknown

PATH: /home/allen/bin
PATH: /home/allen/.local/bin
PATH: /usr/local/sbin
PATH: /usr/local/bin
PATH: /usr/sbin
PATH: /usr/bin
PATH: /sbin
PATH: /bin
PATH: /usr/games
PATH: /usr/local/games
PATH: /snap/bin


## ----------- ##
## Core tests. ##
## ----------- ##

configure:2357: checking for a BSD-compatible install
configure:2425: result: /usr/bin/install -c
configure:2436: checking whether build environment is sane
configure:2491: result: yes
configure:2550: checking for aarch64-linux-gnu-strip
configure:2566: found /usr/bin/aarch64-linux-gnu-strip
configure:2577: result: aarch64-linux-gnu-strip
configure:2642: checking for a thread-safe mkdir -p
configure:2681: result: /bin/mkdir -p
configure:2688: checking for gawk
configure:2718: result: no
configure:2688: checking for mawk
configure:2704: found /usr/bin/mawk
configure:2715: result: mawk
configure:2726: checking whether make sets $(MAKE)
configure:2748: result: yes
configure:2777: checking whether make supports nested variables
configure:2794: result: yes
configure:2929: checking for aarch64-linux-gnu-gcc
configure:2956: result: /usr/bin/aarch64-linux-gnu-gcc
configure:3225: checking for C compiler version
configure:3234: /usr/bin/aarch64-linux-gnu-gcc --version >&5
aarch64-linux-gnu-gcc (Ubuntu/Linaro 5.4.0-6ubuntu1~16.04.9) 5.4.0 20160609
Copyright (C) 2015 Free Software Foundation, Inc.
This is free software; see the source for copying conditions.  There is NO
warranty; not even for MERCHANTABILITY or FITNESS FOR A PARTICULAR PURPOSE.

configure:3245: $? = 0
configure:3234: /usr/bin/aarch64-linux-gnu-gcc -v >&5
Using built-in specs.
COLLECT_GCC=/usr/bin/aarch64-linux-gnu-gcc
COLLECT_LTO_WRAPPER=/usr/lib/gcc-cross/aarch64-linux-gnu/5/lto-wrapper
Target: aarch64-linux-gnu
Configured with: ../src/configure -v --with-pkgversion='Ubuntu/Linaro 5.4.0-6ubuntu1~16.04.9' --with-bugurl=file:///usr/share/doc/gcc-5/README.Bugs --enable-languages=c,ada,c++,java,go,d,fortran,objc,obj-c++ --prefix=/usr --program-suffix=-5 --enable-shared --enable-linker-build-id --libexecdir=/usr/lib --without-included-gettext --enable-threads=posix --libdir=/usr/lib --enable-nls --with-sysroot=/ --enable-clocale=gnu --enable-libstdcxx-debug --enable-libstdcxx-time=yes --with-default-libstdcxx-abi=new --enable-gnu-unique-object --disable-libquadmath --enable-plugin --with-system-zlib --disable-browser-plugin --enable-java-awt=gtk --enable-gtk-cairo --with-java-home=/usr/lib/jvm/java-1.5.0-gcj-5-arm64-cross/jre --enable-java-home --with-jvm-root-dir=/usr/lib/jvm/java-1.5.0-gcj-5-arm64-cross --with-jvm-jar-dir=/usr/lib/jvm-exports/java-1.5.0-gcj-5-arm64-cross --with-arch-directory=aarch64 --with-ecj-jar=/usr/share/java/eclipse-ecj.jar --disable-libgcj --enable-multiarch --enable-fix-cortex-a53-843419 --disable-werror --enable-checking=release --build=x86_64-linux-gnu --host=x86_64-linux-gnu --target=aarch64-linux-gnu --program-prefix=aarch64-linux-gnu- --includedir=/usr/aarch64-linux-gnu/include
Thread model: posix
gcc version 5.4.0 20160609 (Ubuntu/Linaro 5.4.0-6ubuntu1~16.04.9) 
configure:3245: $? = 0
configure:3234: /usr/bin/aarch64-linux-gnu-gcc -V >&5
aarch64-linux-gnu-gcc: error: unrecognized command line option '-V'
aarch64-linux-gnu-gcc: fatal error: no input files
compilation terminated.
configure:3245: $? = 1
configure:3234: /usr/bin/aarch64-linux-gnu-gcc -qversion >&5
aarch64-linux-gnu-gcc: error: unrecognized command line option '-qversion'
aarch64-linux-gnu-gcc: fatal error: no input files
compilation terminated.
configure:3245: $? = 1
configure:3265: checking whether the C compiler works
configure:3287: /usr/bin/aarch64-linux-gnu-gcc    conftest.c  >&5
configure:3291: $? = 0
configure:3339: result: yes
configure:3342: checking for C compiler default output file name
configure:3344: result: a.out
configure:3350: checking for suffix of executables
configure:3357: /usr/bin/aarch64-linux-gnu-gcc -o conftest    conftest.c  >&5
configure:3361: $? = 0
configure:3383: result: 
configure:3405: checking whether we are cross compiling
configure:3413: /usr/bin/aarch64-linux-gnu-gcc -o conftest    conftest.c  >&5
configure:3417: $? = 0
configure:3424: ./conftest
./configure: line 3426: ./conftest: cannot execute binary file: Exec format error
configure:3428: $? = 126
configure:3443: result: yes
configure:3448: checking for suffix of object files
configure:3470: /usr/bin/aarch64-linux-gnu-gcc -c   conftest.c >&5
configure:3474: $? = 0
configure:3495: result: o
configure:3499: checking whether we are using the GNU C compiler
configure:3518: /usr/bin/aarch64-linux-gnu-gcc -c   conftest.c >&5
configure:3518: $? = 0
configure:3527: result: yes
configure:3536: checking whether /usr/bin/aarch64-linux-gnu-gcc accepts -g
configure:3556: /usr/bin/aarch64-linux-gnu-gcc -c -g  conftest.c >&5
configure:3556: $? = 0
configure:3597: result: yes
configure:3614: checking for /usr/bin/aarch64-linux-gnu-gcc option to accept ISO C89
configure:3677: /usr/bin/aarch64-linux-gnu-gcc  -c   conftest.c >&5
configure:3677: $? = 0
configure:3690: result: none needed
configure:3715: checking whether /usr/bin/aarch64-linux-gnu-gcc understands -c and -o together
configure:3737: /usr/bin/aarch64-linux-gnu-gcc -c conftest.c -o conftest2.o
configure:3740: $? = 0
configure:3737: /usr/bin/aarch64-linux-gnu-gcc -c conftest.c -o conftest2.o
configure:3740: $? = 0
configure:3752: result: yes
configure:3780: checking for style of include used by make
configure:3808: result: GNU
configure:3834: checking dependency style of /usr/bin/aarch64-linux-gnu-gcc
configure:3945: result: gcc3
configure:4072: checking for C++ compiler version
configure:4081: /usr/bin/aarch64-linux-gnu-g++ --version >&5
aarch64-linux-gnu-g++ (Ubuntu/Linaro 5.4.0-6ubuntu1~16.04.9) 5.4.0 20160609
Copyright (C) 2015 Free Software Foundation, Inc.
This is free software; see the source for copying conditions.  There is NO
warranty; not even for MERCHANTABILITY or FITNESS FOR A PARTICULAR PURPOSE.

configure:4092: $? = 0
configure:4081: /usr/bin/aarch64-linux-gnu-g++ -v >&5
Using built-in specs.
COLLECT_GCC=/usr/bin/aarch64-linux-gnu-g++
COLLECT_LTO_WRAPPER=/usr/lib/gcc-cross/aarch64-linux-gnu/5/lto-wrapper
Target: aarch64-linux-gnu
Configured with: ../src/configure -v --with-pkgversion='Ubuntu/Linaro 5.4.0-6ubuntu1~16.04.9' --with-bugurl=file:///usr/share/doc/gcc-5/README.Bugs --enable-languages=c,ada,c++,java,go,d,fortran,objc,obj-c++ --prefix=/usr --program-suffix=-5 --enable-shared --enable-linker-build-id --libexecdir=/usr/lib --without-included-gettext --enable-threads=posix --libdir=/usr/lib --enable-nls --with-sysroot=/ --enable-clocale=gnu --enable-libstdcxx-debug --enable-libstdcxx-time=yes --with-default-libstdcxx-abi=new --enable-gnu-unique-object --disable-libquadmath --enable-plugin --with-system-zlib --disable-browser-plugin --enable-java-awt=gtk --enable-gtk-cairo --with-java-home=/usr/lib/jvm/java-1.5.0-gcj-5-arm64-cross/jre --enable-java-home --with-jvm-root-dir=/usr/lib/jvm/java-1.5.0-gcj-5-arm64-cross --with-jvm-jar-dir=/usr/lib/jvm-exports/java-1.5.0-gcj-5-arm64-cross --with-arch-directory=aarch64 --with-ecj-jar=/usr/share/java/eclipse-ecj.jar --disable-libgcj --enable-multiarch --enable-fix-cortex-a53-843419 --disable-werror --enable-checking=release --build=x86_64-linux-gnu --host=x86_64-linux-gnu --target=aarch64-linux-gnu --program-prefix=aarch64-linux-gnu- --includedir=/usr/aarch64-linux-gnu/include
Thread model: posix
gcc version 5.4.0 20160609 (Ubuntu/Linaro 5.4.0-6ubuntu1~16.04.9) 
configure:4092: $? = 0
configure:4081: /usr/bin/aarch64-linux-gnu-g++ -V >&5
aarch64-linux-gnu-g++: error: unrecognized command line option '-V'
aarch64-linux-gnu-g++: fatal error: no input files
compilation terminated.
configure:4092: $? = 1
configure:4081: /usr/bin/aarch64-linux-gnu-g++ -qversion >&5
aarch64-linux-gnu-g++: error: unrecognized command line option '-qversion'
aarch64-linux-gnu-g++: fatal error: no input files
compilation terminated.
configure:4092: $? = 1
configure:4096: checking whether we are using the GNU C++ compiler
configure:4115: /usr/bin/aarch64-linux-gnu-g++ -c  -g -DNDEBUG  conftest.cpp >&5
configure:4115: $? = 0
configure:4124: result: yes
configure:4133: checking whether /usr/bin/aarch64-linux-gnu-g++ accepts -g
configure:4153: /usr/bin/aarch64-linux-gnu-g++ -c -g  conftest.cpp >&5
configure:4153: $? = 0
configure:4194: result: yes
configure:4219: checking dependency style of /usr/bin/aarch64-linux-gnu-g++
configure:4330: result: gcc3
configure:4380: checking build system type
configure:4394: result: x86_64-unknown-linux-gnu
configure:4414: checking host system type
configure:4427: result: aarch64-unknown-linux-gnu
configure:4468: checking how to print strings
configure:4495: result: printf
configure:4516: checking for a sed that does not truncate output
configure:4580: result: /bin/sed
configure:4598: checking for grep that handles long lines and -e
configure:4656: result: /bin/grep
configure:4661: checking for egrep
configure:4723: result: /bin/grep -E
configure:4728: checking for fgrep
configure:4790: result: /bin/grep -F
configure:4825: checking for ld used by /usr/bin/aarch64-linux-gnu-gcc
configure:4892: result: /usr/aarch64-linux-gnu/bin/ld
configure:4899: checking if the linker (/usr/aarch64-linux-gnu/bin/ld) is GNU ld
configure:4914: result: yes
configure:4926: checking for BSD- or MS-compatible name lister (nm)
configure:4975: result: /usr/bin/aarch64-linux-gnu-nm -B
configure:5105: checking the name lister (/usr/bin/aarch64-linux-gnu-nm -B) interface
configure:5112: /usr/bin/aarch64-linux-gnu-g++ -c  -g -DNDEBUG  conftest.cpp >&5
configure:5115: /usr/bin/aarch64-linux-gnu-nm -B "conftest.o"
configure:5118: output
0000000000000000 B some_variable
configure:5125: result: BSD nm
configure:5128: checking whether ln -s works
configure:5132: result: yes
configure:5140: checking the maximum length of command line arguments
configure:5271: result: 1572864
configure:5288: checking whether the shell understands some XSI constructs
configure:5298: result: yes
configure:5302: checking whether the shell understands "+="
configure:5308: result: yes
configure:5343: checking how to convert x86_64-unknown-linux-gnu file names to aarch64-unknown-linux-gnu format
configure:5383: result: func_convert_file_noop
configure:5390: checking how to convert x86_64-unknown-linux-gnu file names to toolchain format
configure:5410: result: func_convert_file_noop
configure:5417: checking for /usr/aarch64-linux-gnu/bin/ld option to reload object files
configure:5424: result: -r
configure:5458: checking for aarch64-linux-gnu-objdump
configure:5474: found /usr/bin/aarch64-linux-gnu-objdump
configure:5485: result: aarch64-linux-gnu-objdump
configure:5557: checking how to recognize dependent libraries
configure:5755: result: pass_all
configure:5800: checking for aarch64-linux-gnu-dlltool
configure:5830: result: no
configure:5840: checking for dlltool
configure:5870: result: no
configure:5900: checking how to associate runtime and link libraries
configure:5927: result: printf %s\n
configure:5944: checking for aarch64-linux-gnu-ar
configure:5960: found /usr/bin/aarch64-linux-gnu-ar
configure:5971: result: aarch64-linux-gnu-ar
configure:6052: checking for archiver @FILE support
configure:6069: /usr/bin/aarch64-linux-gnu-g++ -c  -g -DNDEBUG  conftest.cpp >&5
configure:6069: $? = 0
configure:6072: aarch64-linux-gnu-ar cru libconftest.a @conftest.lst >&5
aarch64-linux-gnu-ar: `u' modifier ignored since `D' is the default (see `U')
configure:6075: $? = 0
configure:6080: aarch64-linux-gnu-ar cru libconftest.a @conftest.lst >&5
aarch64-linux-gnu-ar: `u' modifier ignored since `D' is the default (see `U')
aarch64-linux-gnu-ar: conftest.o: No such file or directory
configure:6083: $? = 1
configure:6095: result: @
configure:6113: checking for aarch64-linux-gnu-strip
configure:6140: result: aarch64-linux-gnu-strip
configure:6212: checking for aarch64-linux-gnu-ranlib
configure:6228: found /usr/bin/aarch64-linux-gnu-ranlib
configure:6239: result: aarch64-linux-gnu-ranlib
configure:6381: checking command to parse /usr/bin/aarch64-linux-gnu-nm -B output from /usr/bin/aarch64-linux-gnu-gcc object
configure:6501: /usr/bin/aarch64-linux-gnu-g++ -c  -g -DNDEBUG  conftest.cpp >&5
configure:6504: $? = 0
configure:6508: /usr/bin/aarch64-linux-gnu-nm -B conftest.o \| sed -n -e 's/^.*[ ]\([ABCDGIRSTW][ABCDGIRSTW]*\)[ ][ ]*\([_A-Za-z][_A-Za-z0-9]*\)$/\1 \2 \2/p' | sed '/ __gnu_lto/d' \> conftest.nm
configure:6511: $? = 0
configure:6577: /usr/bin/aarch64-linux-gnu-g++ -o conftest  -g -DNDEBUG   conftest.cpp conftstm.o >&5
configure:6580: $? = 0
configure:6618: result: ok
configure:6655: checking for sysroot
configure:6685: result: no
configure:6915: checking for aarch64-linux-gnu-mt
configure:6945: result: no
configure:6955: checking for mt
configure:6971: found /bin/mt
configure:6982: result: mt
configure:6994: WARNING: using cross tools not prefixed with host triplet
configure:7005: checking if mt is a manifest tool
configure:7011: mt '-?'
configure:7019: result: no
configure:7661: checking how to run the C preprocessor
configure:7692: /usr/bin/aarch64-linux-gnu-gcc -E  conftest.c
configure:7692: $? = 0
configure:7706: /usr/bin/aarch64-linux-gnu-gcc -E  conftest.c
conftest.c:11:28: fatal error: ac_nonexistent.h: No such file or directory
compilation terminated.
configure:7706: $? = 1
configure: failed program was:
| /* confdefs.h */
| #define PACKAGE_NAME "Google C++ Mocking Framework"
| #define PACKAGE_TARNAME "gmock"
| #define PACKAGE_VERSION "1.7.0"
| #define PACKAGE_STRING "Google C++ Mocking Framework 1.7.0"
| #define PACKAGE_BUGREPORT "googlemock@googlegroups.com"
| #define PACKAGE_URL ""
| #define PACKAGE "gmock"
| #define VERSION "1.7.0"
| /* end confdefs.h.  */
| #include <ac_nonexistent.h>
configure:7731: result: /usr/bin/aarch64-linux-gnu-gcc -E
configure:7751: /usr/bin/aarch64-linux-gnu-gcc -E  conftest.c
configure:7751: $? = 0
configure:7765: /usr/bin/aarch64-linux-gnu-gcc -E  conftest.c
conftest.c:11:28: fatal error: ac_nonexistent.h: No such file or directory
compilation terminated.
configure:7765: $? = 1
configure: failed program was:
| /* confdefs.h */
| #define PACKAGE_NAME "Google C++ Mocking Framework"
| #define PACKAGE_TARNAME "gmock"
| #define PACKAGE_VERSION "1.7.0"
| #define PACKAGE_STRING "Google C++ Mocking Framework 1.7.0"
| #define PACKAGE_BUGREPORT "googlemock@googlegroups.com"
| #define PACKAGE_URL ""
| #define PACKAGE "gmock"
| #define VERSION "1.7.0"
| /* end confdefs.h.  */
| #include <ac_nonexistent.h>
configure:7794: checking for ANSI C header files
configure:7814: /usr/bin/aarch64-linux-gnu-gcc -c   conftest.c >&5
configure:7814: $? = 0
configure:7898: result: yes
configure:7911: checking for sys/types.h
configure:7911: /usr/bin/aarch64-linux-gnu-gcc -c   conftest.c >&5
configure:7911: $? = 0
configure:7911: result: yes
configure:7911: checking for sys/stat.h
configure:7911: /usr/bin/aarch64-linux-gnu-gcc -c   conftest.c >&5
configure:7911: $? = 0
configure:7911: result: yes
configure:7911: checking for stdlib.h
configure:7911: /usr/bin/aarch64-linux-gnu-gcc -c   conftest.c >&5
configure:7911: $? = 0
configure:7911: result: yes
configure:7911: checking for string.h
configure:7911: /usr/bin/aarch64-linux-gnu-gcc -c   conftest.c >&5
configure:7911: $? = 0
configure:7911: result: yes
configure:7911: checking for memory.h
configure:7911: /usr/bin/aarch64-linux-gnu-gcc -c   conftest.c >&5
configure:7911: $? = 0
configure:7911: result: yes
configure:7911: checking for strings.h
configure:7911: /usr/bin/aarch64-linux-gnu-gcc -c   conftest.c >&5
configure:7911: $? = 0
configure:7911: result: yes
configure:7911: checking for inttypes.h
configure:7911: /usr/bin/aarch64-linux-gnu-gcc -c   conftest.c >&5
configure:7911: $? = 0
configure:7911: result: yes
configure:7911: checking for stdint.h
configure:7911: /usr/bin/aarch64-linux-gnu-gcc -c   conftest.c >&5
configure:7911: $? = 0
configure:7911: result: yes
configure:7911: checking for unistd.h
configure:7911: /usr/bin/aarch64-linux-gnu-gcc -c   conftest.c >&5
configure:7911: $? = 0
configure:7911: result: yes
configure:7925: checking for dlfcn.h
configure:7925: /usr/bin/aarch64-linux-gnu-gcc -c   conftest.c >&5
configure:7925: $? = 0
configure:7925: result: yes
configure:8141: checking for objdir
configure:8156: result: .libs
configure:8423: checking if /usr/bin/aarch64-linux-gnu-gcc supports -fno-rtti -fno-exceptions
configure:8441: /usr/bin/aarch64-linux-gnu-gcc -c   -fno-rtti -fno-exceptions conftest.c >&5
cc1: warning: command line option '-fno-rtti' is valid for C++/ObjC++ but not for C
configure:8445: $? = 0
configure:8458: result: no
configure:8785: checking for /usr/bin/aarch64-linux-gnu-gcc option to produce PIC
configure:8792: result: -fPIC -DPIC
configure:8800: checking if /usr/bin/aarch64-linux-gnu-gcc PIC flag -fPIC -DPIC works
configure:8818: /usr/bin/aarch64-linux-gnu-gcc -c   -fPIC -DPIC -DPIC conftest.c >&5
configure:8822: $? = 0
configure:8835: result: yes
configure:8864: checking if /usr/bin/aarch64-linux-gnu-gcc static flag -static works
configure:8892: result: yes
configure:8907: checking if /usr/bin/aarch64-linux-gnu-gcc supports -c -o file.o
configure:8928: /usr/bin/aarch64-linux-gnu-gcc -c   -o out/conftest2.o conftest.c >&5
configure:8932: $? = 0
configure:8954: result: yes
configure:8962: checking if /usr/bin/aarch64-linux-gnu-gcc supports -c -o file.o
configure:9009: result: yes
configure:9042: checking whether the /usr/bin/aarch64-linux-gnu-gcc linker (/usr/aarch64-linux-gnu/bin/ld) supports shared libraries
configure:10199: result: yes
configure:10236: checking whether -lc should be explicitly linked in
configure:10244: /usr/bin/aarch64-linux-gnu-gcc -c   conftest.c >&5
configure:10247: $? = 0
configure:10262: /usr/bin/aarch64-linux-gnu-gcc -shared  -fPIC -DPIC conftest.o  -v -Wl,-soname -Wl,conftest -o conftest 2\>\&1 \| /bin/grep  -lc  \>/dev/null 2\>\&1
configure:10265: $? = 0
configure:10279: result: no
configure:10439: checking dynamic linker characteristics
configure:10939: /usr/bin/aarch64-linux-gnu-gcc -o conftest    -Wl,-rpath -Wl,/foo conftest.c  >&5
configure:10939: $? = 0
configure:11173: result: GNU/Linux ld.so
configure:11280: checking how to hardcode library paths into programs
configure:11305: result: immediate
configure:11845: checking whether stripping libraries is possible
configure:11850: result: yes
configure:11885: checking if libtool supports shared libraries
configure:11887: result: yes
configure:11890: checking whether to build shared libraries
configure:11911: result: yes
configure:11914: checking whether to build static libraries
configure:11918: result: yes
configure:11941: checking how to run the C++ preprocessor
configure:11968: /usr/bin/aarch64-linux-gnu-g++ -E  conftest.cpp
configure:11968: $? = 0
configure:11982: /usr/bin/aarch64-linux-gnu-g++ -E  conftest.cpp
conftest.cpp:23:28: fatal error: ac_nonexistent.h: No such file or directory
compilation terminated.
configure:11982: $? = 1
configure: failed program was:
| /* confdefs.h */
| #define PACKAGE_NAME "Google C++ Mocking Framework"
| #define PACKAGE_TARNAME "gmock"
| #define PACKAGE_VERSION "1.7.0"
| #define PACKAGE_STRING "Google C++ Mocking Framework 1.7.0"
| #define PACKAGE_BUGREPORT "googlemock@googlegroups.com"
| #define PACKAGE_URL ""
| #define PACKAGE "gmock"
| #define VERSION "1.7.0"
| #define STDC_HEADERS 1
| #define HAVE_SYS_TYPES_H 1
| #define HAVE_SYS_STAT_H 1
| #define HAVE_STDLIB_H 1
| #define HAVE_STRING_H 1
| #define HAVE_MEMORY_H 1
| #define HAVE_STRINGS_H 1
| #define HAVE_INTTYPES_H 1
| #define HAVE_STDINT_H 1
| #define HAVE_UNISTD_H 1
| #define HAVE_DLFCN_H 1
| #define LT_OBJDIR ".libs/"
| /* end confdefs.h.  */
| #include <ac_nonexistent.h>
configure:12007: result: /usr/bin/aarch64-linux-gnu-g++ -E
configure:12027: /usr/bin/aarch64-linux-gnu-g++ -E  conftest.cpp
configure:12027: $? = 0
configure:12041: /usr/bin/aarch64-linux-gnu-g++ -E  conftest.cpp
conftest.cpp:23:28: fatal error: ac_nonexistent.h: No such file or directory
compilation terminated.
configure:12041: $? = 1
configure: failed program was:
| /* confdefs.h */
| #define PACKAGE_NAME "Google C++ Mocking Framework"
| #define PACKAGE_TARNAME "gmock"
| #define PACKAGE_VERSION "1.7.0"
| #define PACKAGE_STRING "Google C++ Mocking Framework 1.7.0"
| #define PACKAGE_BUGREPORT "googlemock@googlegroups.com"
| #define PACKAGE_URL ""
| #define PACKAGE "gmock"
| #define VERSION "1.7.0"
| #define STDC_HEADERS 1
| #define HAVE_SYS_TYPES_H 1
| #define HAVE_SYS_STAT_H 1
| #define HAVE_STDLIB_H 1
| #define HAVE_STRING_H 1
| #define HAVE_MEMORY_H 1
| #define HAVE_STRINGS_H 1
| #define HAVE_INTTYPES_H 1
| #define HAVE_STDINT_H 1
| #define HAVE_UNISTD_H 1
| #define HAVE_DLFCN_H 1
| #define LT_OBJDIR ".libs/"
| /* end confdefs.h.  */
| #include <ac_nonexistent.h>
configure:12210: checking for ld used by /usr/bin/aarch64-linux-gnu-g++
configure:12277: result: /usr/aarch64-linux-gnu/bin/ld
configure:12284: checking if the linker (/usr/aarch64-linux-gnu/bin/ld) is GNU ld
configure:12299: result: yes
configure:12354: checking whether the /usr/bin/aarch64-linux-gnu-g++ linker (/usr/aarch64-linux-gnu/bin/ld) supports shared libraries
configure:13356: result: yes
configure:13392: /usr/bin/aarch64-linux-gnu-g++ -c  -g -DNDEBUG  conftest.cpp >&5
configure:13395: $? = 0
configure:13915: checking for /usr/bin/aarch64-linux-gnu-g++ option to produce PIC
configure:13922: result: -fPIC -DPIC
configure:13930: checking if /usr/bin/aarch64-linux-gnu-g++ PIC flag -fPIC -DPIC works
configure:13948: /usr/bin/aarch64-linux-gnu-g++ -c  -g -DNDEBUG  -fPIC -DPIC -DPIC conftest.cpp >&5
configure:13952: $? = 0
configure:13965: result: yes
configure:13988: checking if /usr/bin/aarch64-linux-gnu-g++ static flag -static works
configure:14016: result: yes
configure:14028: checking if /usr/bin/aarch64-linux-gnu-g++ supports -c -o file.o
configure:14049: /usr/bin/aarch64-linux-gnu-g++ -c  -g -DNDEBUG  -o out/conftest2.o conftest.cpp >&5
configure:14053: $? = 0
configure:14075: result: yes
configure:14080: checking if /usr/bin/aarch64-linux-gnu-g++ supports -c -o file.o
configure:14127: result: yes
configure:14157: checking whether the /usr/bin/aarch64-linux-gnu-g++ linker (/usr/aarch64-linux-gnu/bin/ld) supports shared libraries
configure:14196: result: yes
configure:14337: checking dynamic linker characteristics
configure:15005: result: GNU/Linux ld.so
configure:15058: checking how to hardcode library paths into programs
configure:15083: result: immediate
configure:15153: checking for python
configure:15171: found /usr/bin/python
configure:15184: result: /usr/bin/python
configure:15202: /usr/bin/python -c import sys # split strings by '.' and convert to numeric. Append some zeros # because we need at least 4 digits for the hex conversion. # map returns an iterator in Python 3.0 and a list in 2.x minver = list(map(int, '2.3'.split('.'))) + [0, 0, 0] minverhex = 0 # xrange is not present in Python 3.0 and range returns an iterator for i in list(range(0, 4)): minverhex = (minverhex << 8) + minver[i] sys.exit(sys.hexversion < minverhex)
configure:15205: $? = 0
configure:15400: checking for the pthreads library -lpthreads
configure:15433: /usr/bin/aarch64-linux-gnu-gcc -o conftest     conftest.c -lpthreads  >&5
conftest.c: In function 'main':
conftest.c:28:22: warning: null argument where non-null required (argument 1) [-Wnonnull]
                      pthread_attr_init(0); pthread_cleanup_push(0, 0);
                      ^
conftest.c:29:22: warning: null argument where non-null required (argument 1) [-Wnonnull]
                      pthread_create(0,0,0,0); pthread_cleanup_pop(0);
                      ^
conftest.c:29:22: warning: null argument where non-null required (argument 3) [-Wnonnull]
/usr/lib/gcc-cross/aarch64-linux-gnu/5/../../../../aarch64-linux-gnu/bin/ld: cannot find -lpthreads
collect2: error: ld returned 1 exit status
configure:15433: $? = 1
configure: failed program was:
| /* confdefs.h */
| #define PACKAGE_NAME "Google C++ Mocking Framework"
| #define PACKAGE_TARNAME "gmock"
| #define PACKAGE_VERSION "1.7.0"
| #define PACKAGE_STRING "Google C++ Mocking Framework 1.7.0"
| #define PACKAGE_BUGREPORT "googlemock@googlegroups.com"
| #define PACKAGE_URL ""
| #define PACKAGE "gmock"
| #define VERSION "1.7.0"
| #define STDC_HEADERS 1
| #define HAVE_SYS_TYPES_H 1
| #define HAVE_SYS_STAT_H 1
| #define HAVE_STDLIB_H 1
| #define HAVE_STRING_H 1
| #define HAVE_MEMORY_H 1
| #define HAVE_STRINGS_H 1
| #define HAVE_INTTYPES_H 1
| #define HAVE_STDINT_H 1
| #define HAVE_UNISTD_H 1
| #define HAVE_DLFCN_H 1
| #define LT_OBJDIR ".libs/"
| /* end confdefs.h.  */
| #include <pthread.h>
| int
| main ()
| {
| pthread_t th; pthread_join(th, 0);
|                      pthread_attr_init(0); pthread_cleanup_push(0, 0);
|                      pthread_create(0,0,0,0); pthread_cleanup_pop(0);
|   ;
|   return 0;
| }
configure:15442: result: no
configure:15345: checking whether pthreads work without any flags
configure:15433: /usr/bin/aarch64-linux-gnu-gcc -o conftest     conftest.c   >&5
conftest.c: In function 'main':
conftest.c:28:22: warning: null argument where non-null required (argument 1) [-Wnonnull]
                      pthread_attr_init(0); pthread_cleanup_push(0, 0);
                      ^
conftest.c:29:22: warning: null argument where non-null required (argument 1) [-Wnonnull]
                      pthread_create(0,0,0,0); pthread_cleanup_pop(0);
                      ^
conftest.c:29:22: warning: null argument where non-null required (argument 3) [-Wnonnull]
/tmp/ccQKt3Lr.o: In function `main':
conftest.c:(.text+0x24): undefined reference to `pthread_join'
conftest.c:(.text+0x6c): undefined reference to `__pthread_register_cancel'
conftest.c:(.text+0x80): undefined reference to `pthread_create'
conftest.c:(.text+0x88): undefined reference to `__pthread_unregister_cancel'
collect2: error: ld returned 1 exit status
configure:15433: $? = 1
configure: failed program was:
| /* confdefs.h */
| #define PACKAGE_NAME "Google C++ Mocking Framework"
| #define PACKAGE_TARNAME "gmock"
| #define PACKAGE_VERSION "1.7.0"
| #define PACKAGE_STRING "Google C++ Mocking Framework 1.7.0"
| #define PACKAGE_BUGREPORT "googlemock@googlegroups.com"
| #define PACKAGE_URL ""
| #define PACKAGE "gmock"
| #define VERSION "1.7.0"
| #define STDC_HEADERS 1
| #define HAVE_SYS_TYPES_H 1
| #define HAVE_SYS_STAT_H 1
| #define HAVE_STDLIB_H 1
| #define HAVE_STRING_H 1
| #define HAVE_MEMORY_H 1
| #define HAVE_STRINGS_H 1
| #define HAVE_INTTYPES_H 1
| #define HAVE_STDINT_H 1
| #define HAVE_UNISTD_H 1
| #define HAVE_DLFCN_H 1
| #define LT_OBJDIR ".libs/"
| /* end confdefs.h.  */
| #include <pthread.h>
| int
| main ()
| {
| pthread_t th; pthread_join(th, 0);
|                      pthread_attr_init(0); pthread_cleanup_push(0, 0);
|                      pthread_create(0,0,0,0); pthread_cleanup_pop(0);
|   ;
|   return 0;
| }
configure:15442: result: no
configure:15350: checking whether pthreads work with -Kthread
configure:15433: /usr/bin/aarch64-linux-gnu-gcc -o conftest  -Kthread   conftest.c   >&5
aarch64-linux-gnu-gcc: error: unrecognized command line option '-Kthread'
configure:15433: $? = 1
configure: failed program was:
| /* confdefs.h */
| #define PACKAGE_NAME "Google C++ Mocking Framework"
| #define PACKAGE_TARNAME "gmock"
| #define PACKAGE_VERSION "1.7.0"
| #define PACKAGE_STRING "Google C++ Mocking Framework 1.7.0"
| #define PACKAGE_BUGREPORT "googlemock@googlegroups.com"
| #define PACKAGE_URL ""
| #define PACKAGE "gmock"
| #define VERSION "1.7.0"
| #define STDC_HEADERS 1
| #define HAVE_SYS_TYPES_H 1
| #define HAVE_SYS_STAT_H 1
| #define HAVE_STDLIB_H 1
| #define HAVE_STRING_H 1
| #define HAVE_MEMORY_H 1
| #define HAVE_STRINGS_H 1
| #define HAVE_INTTYPES_H 1
| #define HAVE_STDINT_H 1
| #define HAVE_UNISTD_H 1
| #define HAVE_DLFCN_H 1
| #define LT_OBJDIR ".libs/"
| /* end confdefs.h.  */
| #include <pthread.h>
| int
| main ()
| {
| pthread_t th; pthread_join(th, 0);
|                      pthread_attr_init(0); pthread_cleanup_push(0, 0);
|                      pthread_create(0,0,0,0); pthread_cleanup_pop(0);
|   ;
|   return 0;
| }
configure:15442: result: no
configure:15350: checking whether pthreads work with -kthread
configure:15433: /usr/bin/aarch64-linux-gnu-gcc -o conftest  -kthread   conftest.c   >&5
aarch64-linux-gnu-gcc: error: unrecognized command line option '-kthread'
configure:15433: $? = 1
configure: failed program was:
| /* confdefs.h */
| #define PACKAGE_NAME "Google C++ Mocking Framework"
| #define PACKAGE_TARNAME "gmock"
| #define PACKAGE_VERSION "1.7.0"
| #define PACKAGE_STRING "Google C++ Mocking Framework 1.7.0"
| #define PACKAGE_BUGREPORT "googlemock@googlegroups.com"
| #define PACKAGE_URL ""
| #define PACKAGE "gmock"
| #define VERSION "1.7.0"
| #define STDC_HEADERS 1
| #define HAVE_SYS_TYPES_H 1
| #define HAVE_SYS_STAT_H 1
| #define HAVE_STDLIB_H 1
| #define HAVE_STRING_H 1
| #define HAVE_MEMORY_H 1
| #define HAVE_STRINGS_H 1
| #define HAVE_INTTYPES_H 1
| #define HAVE_STDINT_H 1
| #define HAVE_UNISTD_H 1
| #define HAVE_DLFCN_H 1
| #define LT_OBJDIR ".libs/"
| /* end confdefs.h.  */
| #include <pthread.h>
| int
| main ()
| {
| pthread_t th; pthread_join(th, 0);
|                      pthread_attr_init(0); pthread_cleanup_push(0, 0);
|                      pthread_create(0,0,0,0); pthread_cleanup_pop(0);
|   ;
|   return 0;
| }
configure:15442: result: no
configure:15400: checking for the pthreads library -llthread
configure:15433: /usr/bin/aarch64-linux-gnu-gcc -o conftest     conftest.c -llthread  >&5
conftest.c: In function 'main':
conftest.c:28:22: warning: null argument where non-null required (argument 1) [-Wnonnull]
                      pthread_attr_init(0); pthread_cleanup_push(0, 0);
                      ^
conftest.c:29:22: warning: null argument where non-null required (argument 1) [-Wnonnull]
                      pthread_create(0,0,0,0); pthread_cleanup_pop(0);
                      ^
conftest.c:29:22: warning: null argument where non-null required (argument 3) [-Wnonnull]
/usr/lib/gcc-cross/aarch64-linux-gnu/5/../../../../aarch64-linux-gnu/bin/ld: cannot find -llthread
collect2: error: ld returned 1 exit status
configure:15433: $? = 1
configure: failed program was:
| /* confdefs.h */
| #define PACKAGE_NAME "Google C++ Mocking Framework"
| #define PACKAGE_TARNAME "gmock"
| #define PACKAGE_VERSION "1.7.0"
| #define PACKAGE_STRING "Google C++ Mocking Framework 1.7.0"
| #define PACKAGE_BUGREPORT "googlemock@googlegroups.com"
| #define PACKAGE_URL ""
| #define PACKAGE "gmock"
| #define VERSION "1.7.0"
| #define STDC_HEADERS 1
| #define HAVE_SYS_TYPES_H 1
| #define HAVE_SYS_STAT_H 1
| #define HAVE_STDLIB_H 1
| #define HAVE_STRING_H 1
| #define HAVE_MEMORY_H 1
| #define HAVE_STRINGS_H 1
| #define HAVE_INTTYPES_H 1
| #define HAVE_STDINT_H 1
| #define HAVE_UNISTD_H 1
| #define HAVE_DLFCN_H 1
| #define LT_OBJDIR ".libs/"
| /* end confdefs.h.  */
| #include <pthread.h>
| int
| main ()
| {
| pthread_t th; pthread_join(th, 0);
|                      pthread_attr_init(0); pthread_cleanup_push(0, 0);
|                      pthread_create(0,0,0,0); pthread_cleanup_pop(0);
|   ;
|   return 0;
| }
configure:15442: result: no
configure:15350: checking whether pthreads work with -pthread
configure:15433: /usr/bin/aarch64-linux-gnu-gcc -o conftest  -pthread   conftest.c   >&5
conftest.c: In function 'main':
conftest.c:28:22: warning: null argument where non-null required (argument 1) [-Wnonnull]
                      pthread_attr_init(0); pthread_cleanup_push(0, 0);
                      ^
conftest.c:29:22: warning: null argument where non-null required (argument 1) [-Wnonnull]
                      pthread_create(0,0,0,0); pthread_cleanup_pop(0);
                      ^
conftest.c:29:22: warning: null argument where non-null required (argument 3) [-Wnonnull]
configure:15433: $? = 0
configure:15442: result: yes
configure:15461: checking for joinable pthread attribute
configure:15476: /usr/bin/aarch64-linux-gnu-gcc -o conftest  -pthread   conftest.c   >&5
configure:15476: $? = 0
configure:15482: result: PTHREAD_CREATE_JOINABLE
configure:15492: checking if more special flags are required for pthreads
configure:15499: result: no
configure:15588: checking whether to check for GCC pthread/shared inconsistencies
configure:15601: /usr/bin/aarch64-linux-gnu-gcc -o conftest -shared -fPIC -Wl,-z,defs  -pthread   conftest.c   >&5
configure:15601: $? = 0
configure:15613: result: yes
configure:15619: checking whether -pthread is sufficient with -shared
configure:15634: /usr/bin/aarch64-linux-gnu-gcc -o conftest -shared -fPIC -Wl,-z,defs  -pthread   conftest.c   >&5
conftest.c: In function 'main':
conftest.c:28:8: warning: null argument where non-null required (argument 1) [-Wnonnull]
        pthread_attr_init(0); pthread_cleanup_push(0, 0);
        ^
conftest.c:29:8: warning: null argument where non-null required (argument 1) [-Wnonnull]
        pthread_create(0,0,0,0); pthread_cleanup_pop(0);
        ^
conftest.c:29:8: warning: null argument where non-null required (argument 3) [-Wnonnull]
configure:15634: $? = 0
configure:15641: result: yes
configure:15836: checking for gtest-config
configure:15869: result: no
configure:16023: checking that generated files are newer than configure
configure:16029: result: done
configure:16064: creating ./config.status

## ---------------------- ##
## Running config.status. ##
## ---------------------- ##

This file was extended by Google C++ Mocking Framework config.status 1.7.0, which was
generated by GNU Autoconf 2.69.  Invocation command line was

  CONFIG_FILES    = 
  CONFIG_HEADERS  = 
  CONFIG_LINKS    = 
  CONFIG_COMMANDS = 
  $ ./config.status 

on allen-18

config.status:1161: creating Makefile
config.status:1161: creating scripts/gmock-config
config.status:1161: creating build-aux/config.h
config.status:1342: build-aux/config.h is unchanged
config.status:1390: executing depfiles commands
config.status:1390: executing libtool commands
configure:18621: === configuring in gtest (/home/allen/protobuf-3.5.1/gmock/gtest)
configure:18684: running /bin/bash ./configure --disable-option-checking '--prefix=/protobuf-3.5.1'  'CC=/usr/bin/aarch64-linux-gnu-gcc' 'CXX=/usr/bin/aarch64-linux-gnu-g++' '--host=aarch64-linux-gnu' '--with-protoc=/home/allen/protobuf-3.5.1-x86/src/protoc' 'host_alias=aarch64-linux-gnu' 'CFLAGS=' 'CXXFLAGS= -g -DNDEBUG' --cache-file=/dev/null --srcdir=.

## ---------------- ##
## Cache variables. ##
## ---------------- ##

ac_cv_build=x86_64-unknown-linux-gnu
ac_cv_c_compiler_gnu=yes
ac_cv_cxx_compiler_gnu=yes
ac_cv_env_CCC_set=
ac_cv_env_CCC_value=
ac_cv_env_CC_set=set
ac_cv_env_CC_value=/usr/bin/aarch64-linux-gnu-gcc
ac_cv_env_CFLAGS_set=set
ac_cv_env_CFLAGS_value=
ac_cv_env_CPPFLAGS_set=
ac_cv_env_CPPFLAGS_value=
ac_cv_env_CPP_set=
ac_cv_env_CPP_value=
ac_cv_env_CXXCPP_set=
ac_cv_env_CXXCPP_value=
ac_cv_env_CXXFLAGS_set=set
ac_cv_env_CXXFLAGS_value=' -g -DNDEBUG'
ac_cv_env_CXX_set=set
ac_cv_env_CXX_value=/usr/bin/aarch64-linux-gnu-g++
ac_cv_env_GTEST_CONFIG_set=
ac_cv_env_GTEST_CONFIG_value=
ac_cv_env_GTEST_CPPFLAGS_set=
ac_cv_env_GTEST_CPPFLAGS_value=
ac_cv_env_GTEST_CXXFLAGS_set=
ac_cv_env_GTEST_CXXFLAGS_value=
ac_cv_env_GTEST_LDFLAGS_set=
ac_cv_env_GTEST_LDFLAGS_value=
ac_cv_env_GTEST_LIBS_set=
ac_cv_env_GTEST_LIBS_value=
ac_cv_env_GTEST_VERSION_set=
ac_cv_env_GTEST_VERSION_value=
ac_cv_env_LDFLAGS_set=
ac_cv_env_LDFLAGS_value=
ac_cv_env_LIBS_set=
ac_cv_env_LIBS_value=
ac_cv_env_build_alias_set=
ac_cv_env_build_alias_value=
ac_cv_env_host_alias_set=set
ac_cv_env_host_alias_value=aarch64-linux-gnu
ac_cv_env_target_alias_set=
ac_cv_env_target_alias_value=
ac_cv_header_dlfcn_h=yes
ac_cv_header_inttypes_h=yes
ac_cv_header_memory_h=yes
ac_cv_header_stdc=yes
ac_cv_header_stdint_h=yes
ac_cv_header_stdlib_h=yes
ac_cv_header_string_h=yes
ac_cv_header_strings_h=yes
ac_cv_header_sys_stat_h=yes
ac_cv_header_sys_types_h=yes
ac_cv_header_unistd_h=yes
ac_cv_host=aarch64-unknown-linux-gnu
ac_cv_objext=o
ac_cv_path_EGREP='/bin/grep -E'
ac_cv_path_FGREP='/bin/grep -F'
ac_cv_path_GREP=/bin/grep
ac_cv_path_PYTHON=/usr/bin/python
ac_cv_path_SED=/bin/sed
ac_cv_path_install='/usr/bin/install -c'
ac_cv_path_mkdir=/bin/mkdir
ac_cv_prog_AR=aarch64-linux-gnu-ar
ac_cv_prog_AWK=mawk
ac_cv_prog_CC=/usr/bin/aarch64-linux-gnu-gcc
ac_cv_prog_CPP='/usr/bin/aarch64-linux-gnu-gcc -E'
ac_cv_prog_CXXCPP='/usr/bin/aarch64-linux-gnu-g++ -E'
ac_cv_prog_OBJDUMP=aarch64-linux-gnu-objdump
ac_cv_prog_RANLIB=aarch64-linux-gnu-ranlib
ac_cv_prog_STRIP=aarch64-linux-gnu-strip
ac_cv_prog_ac_ct_MANIFEST_TOOL=mt
ac_cv_prog_cc_c89=
ac_cv_prog_cc_g=yes
ac_cv_prog_cxx_g=yes
ac_cv_prog_make_make_set=yes
am_cv_CC_dependencies_compiler_type=gcc3
am_cv_CXX_dependencies_compiler_type=gcc3
am_cv_make_support_nested_variables=yes
am_cv_prog_cc_c_o=yes
lt_cv_ar_at_file=@
lt_cv_archive_cmds_need_lc=no
lt_cv_deplibs_check_method=pass_all
lt_cv_file_magic_cmd='$MAGIC_CMD'
lt_cv_file_magic_test_file=
lt_cv_ld_reload_flag=-r
lt_cv_nm_interface='BSD nm'
lt_cv_objdir=.libs
lt_cv_path_LD=/usr/aarch64-linux-gnu/bin/ld
lt_cv_path_LDCXX=/usr/aarch64-linux-gnu/bin/ld
lt_cv_path_NM='/usr/bin/aarch64-linux-gnu-nm -B'
lt_cv_path_mainfest_tool=no
lt_cv_prog_compiler_c_o=yes
lt_cv_prog_compiler_c_o_CXX=yes
lt_cv_prog_compiler_pic='-fPIC -DPIC'
lt_cv_prog_compiler_pic_CXX='-fPIC -DPIC'
lt_cv_prog_compiler_pic_works=yes
lt_cv_prog_compiler_pic_works_CXX=yes
lt_cv_prog_compiler_rtti_exceptions=no
lt_cv_prog_compiler_static_works=yes
lt_cv_prog_compiler_static_works_CXX=yes
lt_cv_prog_gnu_ld=yes
lt_cv_prog_gnu_ldcxx=yes
lt_cv_sharedlib_from_linklib_cmd='printf %s\n'
lt_cv_shlibpath_overrides_runpath=no
lt_cv_sys_global_symbol_pipe='sed -n -e '\''s/^.*[	 ]\([ABCDGIRSTW][ABCDGIRSTW]*\)[	 ][	 ]*\([_A-Za-z][_A-Za-z0-9]*\)$/\1 \2 \2/p'\'' | sed '\''/ __gnu_lto/d'\'''
lt_cv_sys_global_symbol_to_c_name_address='sed -n -e '\''s/^: \([^ ]*\)[ ]*$/  {\"\1\", (void *) 0},/p'\'' -e '\''s/^[ABCDGIRSTW]* \([^ ]*\) \([^ ]*\)$/  {"\2", (void *) \&\2},/p'\'''
lt_cv_sys_global_symbol_to_c_name_address_lib_prefix='sed -n -e '\''s/^: \([^ ]*\)[ ]*$/  {\"\1\", (void *) 0},/p'\'' -e '\''s/^[ABCDGIRSTW]* \([^ ]*\) \(lib[^ ]*\)$/  {"\2", (void *) \&\2},/p'\'' -e '\''s/^[ABCDGIRSTW]* \([^ ]*\) \([^ ]*\)$/  {"lib\2", (void *) \&\2},/p'\'''
lt_cv_sys_global_symbol_to_cdecl='sed -n -e '\''s/^T .* \(.*\)$/extern int \1();/p'\'' -e '\''s/^[ABCDGIRSTW]* .* \(.*\)$/extern char \1;/p'\'''
lt_cv_sys_max_cmd_len=1572864
lt_cv_to_host_file_cmd=func_convert_file_noop
lt_cv_to_tool_file_cmd=func_convert_file_noop

## ----------------- ##
## Output variables. ##
## ----------------- ##

ACLOCAL='${SHELL} /home/allen/protobuf-3.5.1/gmock/build-aux/missing aclocal-1.14'
AMDEPBACKSLASH='\'
AMDEP_FALSE='#'
AMDEP_TRUE=''
AMTAR='$${TAR-tar}'
AM_BACKSLASH='\'
AM_DEFAULT_V='$(AM_DEFAULT_VERBOSITY)'
AM_DEFAULT_VERBOSITY='1'
AM_V='$(V)'
AR='aarch64-linux-gnu-ar'
AUTOCONF='${SHELL} /home/allen/protobuf-3.5.1/gmock/build-aux/missing autoconf'
AUTOHEADER='${SHELL} /home/allen/protobuf-3.5.1/gmock/build-aux/missing autoheader'
AUTOMAKE='${SHELL} /home/allen/protobuf-3.5.1/gmock/build-aux/missing automake-1.14'
AWK='mawk'
CC='/usr/bin/aarch64-linux-gnu-gcc'
CCDEPMODE='depmode=gcc3'
CFLAGS=''
CPP='/usr/bin/aarch64-linux-gnu-gcc -E'
CPPFLAGS=''
CXX='/usr/bin/aarch64-linux-gnu-g++'
CXXCPP='/usr/bin/aarch64-linux-gnu-g++ -E'
CXXDEPMODE='depmode=gcc3'
CXXFLAGS=' -g -DNDEBUG'
CYGPATH_W='echo'
DEFS='-DHAVE_CONFIG_H'
DEPDIR='.deps'
DLLTOOL='false'
DSYMUTIL=''
DUMPBIN=''
ECHO_C=''
ECHO_N='-n'
ECHO_T=''
EGREP='/bin/grep -E'
EXEEXT=''
FGREP='/bin/grep -F'
GREP='/bin/grep'
GTEST_CONFIG='/home/allen/protobuf-3.5.1/gmock/gtest/scripts/gtest-config'
GTEST_CPPFLAGS='-I$(top_srcdir)/gtest/include'
GTEST_CXXFLAGS='-g'
GTEST_LDFLAGS=''
GTEST_LIBS='$(top_builddir)/gtest/lib/libgtest.la'
GTEST_VERSION='1.7.0'
HAVE_PTHREADS_FALSE='#'
HAVE_PTHREADS_TRUE=''
HAVE_PYTHON_FALSE='#'
HAVE_PYTHON_TRUE=''
INSTALL_DATA='${INSTALL} -m 644'
INSTALL_PROGRAM='${INSTALL}'
INSTALL_SCRIPT='${INSTALL}'
INSTALL_STRIP_PROGRAM='$(install_sh) -c -s'
LD='/usr/aarch64-linux-gnu/bin/ld'
LDFLAGS=''
LIBOBJS=''
LIBS=''
LIBTOOL='$(SHELL) $(top_builddir)/libtool'
LIPO=''
LN_S='ln -s'
LTLIBOBJS=''
MAKEINFO='${SHELL} /home/allen/protobuf-3.5.1/gmock/build-aux/missing makeinfo'
MANIFEST_TOOL=':'
MKDIR_P='/bin/mkdir -p'
NM='/usr/bin/aarch64-linux-gnu-nm -B'
NMEDIT=''
OBJDUMP='aarch64-linux-gnu-objdump'
OBJEXT='o'
OTOOL64=''
OTOOL=''
PACKAGE='gmock'
PACKAGE_BUGREPORT='googlemock@googlegroups.com'
PACKAGE_NAME='Google C++ Mocking Framework'
PACKAGE_STRING='Google C++ Mocking Framework 1.7.0'
PACKAGE_TARNAME='gmock'
PACKAGE_URL=''
PACKAGE_VERSION='1.7.0'
PATH_SEPARATOR=':'
PTHREAD_CC='/usr/bin/aarch64-linux-gnu-gcc'
PTHREAD_CFLAGS='-pthread'
PTHREAD_LIBS=''
PYTHON='/usr/bin/python'
RANLIB='aarch64-linux-gnu-ranlib'
SED='/bin/sed'
SET_MAKE=''
SHELL='/bin/bash'
STRIP='aarch64-linux-gnu-strip'
VERSION='1.7.0'
ac_ct_AR=''
ac_ct_CC=''
ac_ct_CXX=''
ac_ct_DUMPBIN=''
acx_pthread_config=''
am__EXEEXT_FALSE=''
am__EXEEXT_TRUE='#'
am__fastdepCC_FALSE='#'
am__fastdepCC_TRUE=''
am__fastdepCXX_FALSE='#'
am__fastdepCXX_TRUE=''
am__include='include'
am__isrc=''
am__leading_dot='.'
am__nodep='_no'
am__quote=''
am__tar='$${TAR-tar} chof - "$$tardir"'
am__untar='$${TAR-tar} xf -'
bindir='${exec_prefix}/bin'
build='x86_64-unknown-linux-gnu'
build_alias=''
build_cpu='x86_64'
build_os='linux-gnu'
build_vendor='unknown'
datadir='${datarootdir}'
datarootdir='${prefix}/share'
docdir='${datarootdir}/doc/${PACKAGE_TARNAME}'
dvidir='${docdir}'
exec_prefix='${prefix}'
host='aarch64-unknown-linux-gnu'
host_alias='aarch64-linux-gnu'
host_cpu='aarch64'
host_os='linux-gnu'
host_vendor='unknown'
htmldir='${docdir}'
includedir='${prefix}/include'
infodir='${datarootdir}/info'
install_sh='${SHELL} /home/allen/protobuf-3.5.1/gmock/build-aux/install-sh'
libdir='${exec_prefix}/lib'
libexecdir='${exec_prefix}/libexec'
localedir='${datarootdir}/locale'
localstatedir='${prefix}/var'
mandir='${datarootdir}/man'
mkdir_p='$(MKDIR_P)'
oldincludedir='/usr/include'
pdfdir='${docdir}'
prefix='/protobuf-3.5.1'
program_transform_name='s,x,x,'
psdir='${docdir}'
sbindir='${exec_prefix}/sbin'
sharedstatedir='${prefix}/com'
subdirs=' gtest'
sysconfdir='${prefix}/etc'
target_alias=''

## ----------- ##
## confdefs.h. ##
## ----------- ##

/* confdefs.h */
#define PACKAGE_NAME "Google C++ Mocking Framework"
#define PACKAGE_TARNAME "gmock"
#define PACKAGE_VERSION "1.7.0"
#define PACKAGE_STRING "Google C++ Mocking Framework 1.7.0"
#define PACKAGE_BUGREPORT "googlemock@googlegroups.com"
#define PACKAGE_URL ""
#define PACKAGE "gmock"
#define VERSION "1.7.0"
#define STDC_HEADERS 1
#define HAVE_SYS_TYPES_H 1
#define HAVE_SYS_STAT_H 1
#define HAVE_STDLIB_H 1
#define HAVE_STRING_H 1
#define HAVE_MEMORY_H 1
#define HAVE_STRINGS_H 1
#define HAVE_INTTYPES_H 1
#define HAVE_STDINT_H 1
#define HAVE_UNISTD_H 1
#define HAVE_DLFCN_H 1
#define LT_OBJDIR ".libs/"
#define HAVE_PTHREAD 1

configure: exit 0
